  [1m[36m (6.3ms)[0m  [1mCREATE TABLE "schema_migrations" ("version" character varying(255) NOT NULL) [0m
  [1m[35m (2.5ms)[0m  CREATE UNIQUE INDEX  "unique_schema_migrations" ON "schema_migrations"  ("version")
  [1m[36mActiveRecord::SchemaMigration Load (0.3ms)[0m  [1mSELECT "schema_migrations".* FROM "schema_migrations"[0m
Migrating to Initial (20140828011806)
  [1m[35m (0.2ms)[0m  BEGIN
  [1m[36mSQL (0.7ms)[0m  [1mCREATE EXTENSION IF NOT EXISTS "plpgsql"[0m
  [1m[35mSQL (25.5ms)[0m  CREATE EXTENSION IF NOT EXISTS "hstore"
  [1m[36m (4.8ms)[0m  [1mCREATE TABLE "content_blocks" ("id" serial primary key, "content_type" character varying(255), "body" text, "created_at" timestamp, "updated_at" timestamp) [0m
  [1m[35m (2.8ms)[0m  CREATE TABLE "documents" ("id" serial primary key, "data_file_name" character varying(255), "data_file_size" integer, "data_content_type" character varying(255), "data_updated_at" timestamp, "created_at" timestamp, "updated_at" timestamp) 
  [1m[36m (4.3ms)[0m  [1mCREATE TABLE "images" ("id" serial primary key, "image_file_name" character varying(255), "image_file_size" integer, "image_content_type" character varying(255), "image_updated_at" timestamp, "created_at" timestamp, "updated_at" timestamp) [0m
  [1m[35m (3.6ms)[0m  CREATE TABLE "menu_items" ("id" serial primary key, "name" character varying(255), "path" character varying(255), "parent_id" integer, "lft" integer, "rgt" integer, "page_id" integer, "created_at" timestamp, "updated_at" timestamp) 
  [1m[36m (2.8ms)[0m  [1mCREATE TABLE "page_contents" ("id" serial primary key, "page_id" integer, "content_block_id" integer, "name" character varying(255), "created_at" timestamp, "updated_at" timestamp) [0m
  [1m[35m (0.8ms)[0m  CREATE  INDEX  "index_page_contents_on_content_block_id" ON "page_contents" USING btree ("content_block_id")
  [1m[36m (0.8ms)[0m  [1mCREATE  INDEX  "index_page_contents_on_page_id" ON "page_contents" USING btree ("page_id")[0m
  [1m[35m (3.4ms)[0m  CREATE TABLE "pages" ("id" serial primary key, "title" character varying(255), "published" boolean DEFAULT 't' NOT NULL, "keywords" text, "description" text, "edited_at" timestamp, "created_at" timestamp, "updated_at" timestamp, "layout" character varying(255), "publish_start" timestamp, "publish_end" timestamp, "metadata" hstore, "url_slug" character varying(255), "publication_date" timestamp) 
  [1m[36m (0.9ms)[0m  [1mCREATE  INDEX  "index_pages_on_url_slug" ON "pages" USING btree ("url_slug")[0m
  [1m[35m (2.9ms)[0m  CREATE TABLE "users" ("id" serial primary key, "login" character varying(20) NOT NULL, "email" character varying(255), "first_name" character varying(60), "last_name" character varying(60), "sign_in_count" integer DEFAULT 0 NOT NULL, "failed_attempts" integer DEFAULT 0 NOT NULL, "last_request_at" timestamp, "current_sign_in_at" timestamp, "last_sign_in_at" timestamp, "current_sign_in_ip" character varying(255), "last_sign_in_ip" character varying(255), "created_at" timestamp, "updated_at" timestamp, "encrypted_password" character varying(255), "confirmation_token" character varying(255), "confirmed_at" timestamp, "confirmation_sent_at" timestamp, "reset_password_token" character varying(255), "reset_password_sent_at" timestamp, "remember_token" character varying(255), "remember_created_at" timestamp, "unlock_token" character varying(255), "locked_at" timestamp) 
  [1m[36m (1.2ms)[0m  [1mCREATE UNIQUE INDEX  "index_users_on_confirmation_token" ON "users" USING btree ("confirmation_token")[0m
  [1m[35m (0.9ms)[0m  CREATE UNIQUE INDEX  "index_users_on_email" ON "users" USING btree ("email")
  [1m[36m (1.4ms)[0m  [1mCREATE UNIQUE INDEX  "index_users_on_reset_password_token" ON "users" USING btree ("reset_password_token")[0m
  [1m[35m (0.9ms)[0m  CREATE UNIQUE INDEX  "index_users_on_unlock_token" ON "users" USING btree ("unlock_token")
  [1m[36mSQL (0.4ms)[0m  [1mINSERT INTO "schema_migrations" ("version") VALUES ($1)[0m  [["version", "20140828011806"]]
  [1m[35m (1.7ms)[0m  COMMIT
Migrating to Auxiliary (20140828073135)
  [1m[36m (0.8ms)[0m  [1mBEGIN[0m
  [1m[35m (0.9ms)[0m  TRUNCATE schema_migrations;
  [1m[36m (0.4ms)[0m  [1mINSERT INTO schema_migrations VALUES ('20140828011806');[0m
  [1m[35mSQL (0.2ms)[0m  INSERT INTO "schema_migrations" ("version") VALUES ($1)  [["version", "20140828073135"]]
  [1m[36m (0.8ms)[0m  [1mCOMMIT[0m
  [1m[35mActiveRecord::SchemaMigration Load (0.3ms)[0m  SELECT "schema_migrations".* FROM "schema_migrations"
  [1m[36m (117.5ms)[0m  [1mDROP DATABASE IF EXISTS "cms2_test"[0m
  [1m[35m (267.6ms)[0m  CREATE DATABASE "cms2_test" ENCODING = 'unicode'
  [1m[36mSQL (0.4ms)[0m  [1mCREATE EXTENSION IF NOT EXISTS "plpgsql"[0m
  [1m[35mSQL (13.8ms)[0m  CREATE EXTENSION IF NOT EXISTS "hstore"
  [1m[36m (3.8ms)[0m  [1mCREATE TABLE "content_blocks" ("id" serial primary key, "content_type" character varying(255), "body" text, "created_at" timestamp, "updated_at" timestamp) [0m
  [1m[35m (2.8ms)[0m  CREATE TABLE "documents" ("id" serial primary key, "data_file_name" character varying(255), "data_file_size" integer, "data_content_type" character varying(255), "data_updated_at" timestamp, "created_at" timestamp, "updated_at" timestamp) 
  [1m[36m (2.7ms)[0m  [1mCREATE TABLE "images" ("id" serial primary key, "image_file_name" character varying(255), "image_file_size" integer, "image_content_type" character varying(255), "image_updated_at" timestamp, "created_at" timestamp, "updated_at" timestamp) [0m
  [1m[35m (2.7ms)[0m  CREATE TABLE "menu_items" ("id" serial primary key, "name" character varying(255), "path" character varying(255), "parent_id" integer, "lft" integer, "rgt" integer, "page_id" integer, "created_at" timestamp, "updated_at" timestamp) 
  [1m[36m (1.8ms)[0m  [1mCREATE TABLE "page_contents" ("id" serial primary key, "page_id" integer, "content_block_id" integer, "name" character varying(255), "created_at" timestamp, "updated_at" timestamp) [0m
  [1m[35m (1.1ms)[0m  CREATE  INDEX  "index_page_contents_on_content_block_id" ON "page_contents" USING btree ("content_block_id")
  [1m[36m (0.9ms)[0m  [1mCREATE  INDEX  "index_page_contents_on_page_id" ON "page_contents" USING btree ("page_id")[0m
  [1m[35m (2.9ms)[0m  CREATE TABLE "pages" ("id" serial primary key, "title" character varying(255), "published" boolean DEFAULT 't' NOT NULL, "keywords" text, "description" text, "edited_at" timestamp, "created_at" timestamp, "updated_at" timestamp, "layout" character varying(255), "publish_start" timestamp, "publish_end" timestamp, "metadata" hstore, "url_slug" character varying(255), "publication_date" timestamp) 
  [1m[36m (1.4ms)[0m  [1mCREATE  INDEX  "index_pages_on_url_slug" ON "pages" USING btree ("url_slug")[0m
  [1m[35m (3.4ms)[0m  CREATE TABLE "users" ("id" serial primary key, "login" character varying(20) NOT NULL, "email" character varying(255), "first_name" character varying(60), "last_name" character varying(60), "sign_in_count" integer DEFAULT 0 NOT NULL, "failed_attempts" integer DEFAULT 0 NOT NULL, "last_request_at" timestamp, "current_sign_in_at" timestamp, "last_sign_in_at" timestamp, "current_sign_in_ip" character varying(255), "last_sign_in_ip" character varying(255), "created_at" timestamp, "updated_at" timestamp, "encrypted_password" character varying(255), "confirmation_token" character varying(255), "confirmed_at" timestamp, "confirmation_sent_at" timestamp, "reset_password_token" character varying(255), "reset_password_sent_at" timestamp, "remember_token" character varying(255), "remember_created_at" timestamp, "unlock_token" character varying(255), "locked_at" timestamp) 
  [1m[36m (1.1ms)[0m  [1mCREATE UNIQUE INDEX  "index_users_on_confirmation_token" ON "users" USING btree ("confirmation_token")[0m
  [1m[35m (0.9ms)[0m  CREATE UNIQUE INDEX  "index_users_on_email" ON "users" USING btree ("email")
  [1m[36m (0.9ms)[0m  [1mCREATE UNIQUE INDEX  "index_users_on_reset_password_token" ON "users" USING btree ("reset_password_token")[0m
  [1m[35m (1.0ms)[0m  CREATE UNIQUE INDEX  "index_users_on_unlock_token" ON "users" USING btree ("unlock_token")
  [1m[36m (0.9ms)[0m  [1mCREATE TABLE "schema_migrations" ("version" character varying(255) NOT NULL) [0m
  [1m[35m (1.1ms)[0m  CREATE UNIQUE INDEX  "unique_schema_migrations" ON "schema_migrations"  ("version")
  [1m[36m (0.5ms)[0m  [1mSELECT version FROM "schema_migrations"[0m
  [1m[35m (0.7ms)[0m  INSERT INTO "schema_migrations" (version) VALUES ('20140828073135')
  [1m[36m (0.4ms)[0m  [1mINSERT INTO "schema_migrations" (version) VALUES ('20140828011806')[0m
  [1m[35mActiveRecord::SchemaMigration Load (0.3ms)[0m  SELECT "schema_migrations".* FROM "schema_migrations"
  [1m[36mUser Load (1.0ms)[0m  [1mSELECT  "users".* FROM "users"  WHERE "users"."login" = 'admin'  ORDER BY "users"."id" ASC LIMIT 1[0m
  [1m[35m (0.2ms)[0m  BEGIN
  [1m[36mUser Exists (0.3ms)[0m  [1mSELECT  1 AS one FROM "users"  WHERE "users"."login" = 'admin' LIMIT 1[0m
  [1m[35mSQL (0.8ms)[0m  INSERT INTO "users" ("created_at", "encrypted_password", "login", "updated_at") VALUES ($1, $2, $3, $4) RETURNING "id"  [["created_at", "2014-09-04 18:46:21.512409"], ["encrypted_password", "$2a$10$Al6HuHoXwk1DK.cfokpAOeMw0MYW7CuNwkvYUeK4123PCei14iakG"], ["login", "admin"], ["updated_at", "2014-09-04 18:46:21.512409"]]
  [1m[36m (0.3ms)[0m  [1mCOMMIT[0m
  [1m[35mMenuItem Exists (0.3ms)[0m  SELECT  1 AS one FROM "menu_items"  WHERE "menu_items"."parent_id" IS NULL AND "menu_items"."name" = 'Main Menu' LIMIT 1
  [1m[36m (0.1ms)[0m  [1mBEGIN[0m
  [1m[35mMenuItem Load (0.4ms)[0m  SELECT  "menu_items".* FROM "menu_items"   ORDER BY "menu_items"."rgt" desc LIMIT 1
  [1m[36mMenuItem Load (0.3ms)[0m  [1mSELECT  "menu_items".* FROM "menu_items"   ORDER BY "menu_items"."rgt" desc LIMIT 1[0m
  [1m[35mSQL (0.4ms)[0m  INSERT INTO "menu_items" ("created_at", "lft", "name", "path", "rgt", "updated_at") VALUES ($1, $2, $3, $4, $5, $6) RETURNING "id"  [["created_at", "2014-09-04 18:46:21.530514"], ["lft", 1], ["name", "Main Menu"], ["path", "#"], ["rgt", 2], ["updated_at", "2014-09-04 18:46:21.530514"]]
  [1m[36m (0.3ms)[0m  [1mCOMMIT[0m
  [1m[35mMenuItem Exists (0.3ms)[0m  SELECT  1 AS one FROM "menu_items"  WHERE "menu_items"."parent_id" IS NULL AND "menu_items"."name" = 'Blog Topics' LIMIT 1
  [1m[36m (0.1ms)[0m  [1mBEGIN[0m
  [1m[35mMenuItem Load (0.3ms)[0m  SELECT  "menu_items".* FROM "menu_items"   ORDER BY "menu_items"."rgt" desc LIMIT 1
  [1m[36mMenuItem Load (0.2ms)[0m  [1mSELECT  "menu_items".* FROM "menu_items"  WHERE "menu_items"."id" = $1 LIMIT 1 FOR UPDATE[0m  [["id", 1]]
  [1m[35mSQL (0.2ms)[0m  INSERT INTO "menu_items" ("created_at", "lft", "name", "rgt", "updated_at") VALUES ($1, $2, $3, $4, $5) RETURNING "id"  [["created_at", "2014-09-04 18:46:21.535665"], ["lft", 3], ["name", "Blog Topics"], ["rgt", 4], ["updated_at", "2014-09-04 18:46:21.535665"]]
  [1m[36m (0.3ms)[0m  [1mCOMMIT[0m
  [1m[36mMenuItem Load (1.0ms)[0m  [1mSELECT "menu_items".* FROM "menu_items"  WHERE "menu_items"."parent_id" IS NULL  ORDER BY "menu_items"."lft"[0m
  [1m[35mMenuItem Load (0.8ms)[0m  SELECT "menu_items".* FROM "menu_items"  WHERE "menu_items"."parent_id" IS NULL  ORDER BY "menu_items"."lft"
  [1m[36mMenuItem Load (0.8ms)[0m  [1mSELECT  "menu_items".* FROM "menu_items"  WHERE "menu_items"."name" = 'Blog Topics' LIMIT 1[0m
  [1m[35m (0.3ms)[0m  BEGIN
  [1m[36mMenuItem Load (0.7ms)[0m  [1mSELECT  "menu_items".* FROM "menu_items"   ORDER BY "menu_items"."rgt" desc LIMIT 1[0m
  [1m[35mMenuItem Load (0.4ms)[0m  SELECT  "menu_items".* FROM "menu_items"   ORDER BY "menu_items"."rgt" desc LIMIT 1
  [1m[36mSQL (0.5ms)[0m  [1mINSERT INTO "menu_items" ("created_at", "lft", "name", "rgt", "updated_at") VALUES ($1, $2, $3, $4, $5) RETURNING "id"[0m  [["created_at", "2014-09-04 18:51:19.874528"], ["lft", 1], ["name", "Blog Topics"], ["rgt", 2], ["updated_at", "2014-09-04 18:51:19.874528"]]
  [1m[35m (0.4ms)[0m  COMMIT
  [1m[36mMenuItem Load (0.7ms)[0m  [1mSELECT "menu_items".* FROM "menu_items"  WHERE "menu_items"."parent_id" IS NULL  ORDER BY "menu_items"."lft"[0m
  [1m[36mContentBlock Load (2.2ms)[0m  [1mSELECT  "content_blocks".* FROM "content_blocks"   ORDER BY "content_blocks"."id" DESC LIMIT 1[0m
  [1m[35m (0.2ms)[0m  BEGIN
  [1m[36mSQL (0.5ms)[0m  [1mINSERT INTO "content_blocks" ("created_at", "updated_at") VALUES ($1, $2) RETURNING "id"[0m  [["created_at", "2014-09-05 02:05:50.370589"], ["updated_at", "2014-09-05 02:05:50.370589"]]
  [1m[35m (0.5ms)[0m  COMMIT
  [1m[36mSQL (2.2ms)[0m  [1mDELETE FROM "pages"[0m
  [1m[35mSQL (2.3ms)[0m  DELETE FROM "page_contents"
  [1m[36mSQL (1.6ms)[0m  [1mDELETE FROM "content_blocks"[0m
  [1m[35m (0.2ms)[0m  BEGIN
  [1m[36mSQL (1.2ms)[0m  [1mINSERT INTO "content_blocks" ("body", "content_type", "created_at", "updated_at") VALUES ($1, $2, $3, $4) RETURNING "id"[0m  [["body", "Officia"], ["content_type", "text/html"], ["created_at", "2014-09-05 19:06:06.357825"], ["updated_at", "2014-09-05 19:06:06.357825"]]
  [1m[35mSQL (1.0ms)[0m  INSERT INTO "page_contents" ("content_block_id", "created_at", "name", "updated_at") VALUES ($1, $2, $3, $4) RETURNING "id"  [["content_block_id", 2], ["created_at", "2014-09-05 19:06:06.363146"], ["name", "headline"], ["updated_at", "2014-09-05 19:06:06.363146"]]
  [1m[36m (0.4ms)[0m  [1mCOMMIT[0m
  [1m[35m (0.2ms)[0m  BEGIN
  [1m[36mSQL (0.2ms)[0m  [1mINSERT INTO "content_blocks" ("body", "content_type", "created_at", "updated_at") VALUES ($1, $2, $3, $4) RETURNING "id"[0m  [["body", "Quia incidunt fugiat impedit exercitationem voluptas impedit incidunt excepturi velit ea vitae cumque eum commodi qui voluptas. est culpa molestiae pariatur corrupti iusto occaecati. fuga officiis dolorum distinctio mollitia perferendis incidunt rerum et ratione vitae praesentium nihil ratione quia est aperiam odit molestiae voluptate. suscipit non voluptatem odio perspiciatis voluptatum ut dolores nemo\n\nDistinctio quisquam ex repudiandae excepturi hic ut eum magni laudantium doloribus nam repudiandae aut nisi ipsum. voluptatem qui veritatis amet qui hic quia doloremque totam beatae qui nisi. occaecati labore rerum non tempore. neque eos enim maxime neque. aut qui aut qui odit aspernatur quis"], ["content_type", "text/html"], ["created_at", "2014-09-05 19:06:06.367766"], ["updated_at", "2014-09-05 19:06:06.367766"]]
  [1m[35mSQL (0.3ms)[0m  INSERT INTO "page_contents" ("content_block_id", "created_at", "name", "updated_at") VALUES ($1, $2, $3, $4) RETURNING "id"  [["content_block_id", 3], ["created_at", "2014-09-05 19:06:06.368751"], ["name", "main"], ["updated_at", "2014-09-05 19:06:06.368751"]]
  [1m[36m (0.3ms)[0m  [1mCOMMIT[0m
  [1m[35m (0.2ms)[0m  BEGIN
  [1m[36mPage Exists (2.5ms)[0m  [1mSELECT  1 AS one FROM "pages"  WHERE "pages"."url_slug" = 'about_us' LIMIT 1[0m
  [1m[35mSQL (1.0ms)[0m  INSERT INTO "pages" ("created_at", "keywords", "title", "updated_at", "url_slug") VALUES ($1, $2, $3, $4, $5) RETURNING "id"  [["created_at", "2014-09-05 19:06:06.378369"], ["keywords", "about_us"], ["title", "About Us"], ["updated_at", "2014-09-05 19:06:06.378369"], ["url_slug", "about_us"]]
  [1m[36mPage Load (2.5ms)[0m  [1mSELECT "pages".* FROM "pages"  WHERE ((publish_start IS NULL OR publish_start < '2014-09-05 19:06:06.380701') AND (publish_end IS NULL OR publish_end > '2014-09-05 19:06:06.380701'))[0m
  [1m[35mSQL (0.4ms)[0m  UPDATE "page_contents" SET "page_id" = $1, "updated_at" = $2 WHERE "page_contents"."id" = 1  [["page_id", 1], ["updated_at", "2014-09-05 19:06:06.385947"]]
  [1m[36mSQL (0.3ms)[0m  [1mUPDATE "page_contents" SET "page_id" = $1, "updated_at" = $2 WHERE "page_contents"."id" = 2[0m  [["page_id", 1], ["updated_at", "2014-09-05 19:06:06.387832"]]
  [1m[35m (6.2ms)[0m  COMMIT
  [1m[36m (0.2ms)[0m  [1mBEGIN[0m
  [1m[35mSQL (0.3ms)[0m  INSERT INTO "content_blocks" ("body", "content_type", "created_at", "updated_at") VALUES ($1, $2, $3, $4) RETURNING "id"  [["body", "Qui Autem Quo Dolor"], ["content_type", "text/html"], ["created_at", "2014-09-05 19:06:06.397063"], ["updated_at", "2014-09-05 19:06:06.397063"]]
  [1m[36mSQL (0.2ms)[0m  [1mINSERT INTO "page_contents" ("content_block_id", "created_at", "name", "updated_at") VALUES ($1, $2, $3, $4) RETURNING "id"[0m  [["content_block_id", 4], ["created_at", "2014-09-05 19:06:06.398130"], ["name", "headline"], ["updated_at", "2014-09-05 19:06:06.398130"]]
  [1m[35m (6.5ms)[0m  COMMIT
  [1m[36m (0.2ms)[0m  [1mBEGIN[0m
  [1m[35mSQL (0.3ms)[0m  INSERT INTO "content_blocks" ("body", "content_type", "created_at", "updated_at") VALUES ($1, $2, $3, $4) RETURNING "id"  [["body", "Ratione sed dignissimos sint provident totam adipisci provident aliquam omnis in neque provident vero dolores voluptatem quis ea aut inventore. optio laboriosam ut et eius blanditiis distinctio dolorem minima eos blanditiis esse quia et assumenda molestiae ex veritatis error. aperiam quisquam voluptates in quia facilis sit quia eos. ea laudantium enim soluta laudantium quo vero cumque nostrum consequatur dolores molestiae itaque molestias dolorem\n\nDeleniti error labore qui quas quis at. dolores eum necessitatibus perspiciatis modi in aperiam dolor vero cumque. eos magni cupiditate voluptas ut aperiam. ullam autem soluta aut dolore quae ex sapiente non molestiae optio quae. voluptas autem et laudantium enim aut. omnis dolorem ipsa et quaerat ut et non fugiat ex aspernatur qui vel labore molestiae odio"], ["content_type", "text/html"], ["created_at", "2014-09-05 19:06:06.406382"], ["updated_at", "2014-09-05 19:06:06.406382"]]
  [1m[36mSQL (0.2ms)[0m  [1mINSERT INTO "page_contents" ("content_block_id", "created_at", "name", "updated_at") VALUES ($1, $2, $3, $4) RETURNING "id"[0m  [["content_block_id", 5], ["created_at", "2014-09-05 19:06:06.407403"], ["name", "main"], ["updated_at", "2014-09-05 19:06:06.407403"]]
  [1m[35m (5.2ms)[0m  COMMIT
  [1m[36m (0.2ms)[0m  [1mBEGIN[0m
  [1m[35mPage Exists (0.4ms)[0m  SELECT  1 AS one FROM "pages"  WHERE "pages"."url_slug" = 'contact_us' LIMIT 1
  [1m[36mSQL (0.3ms)[0m  [1mINSERT INTO "pages" ("created_at", "keywords", "title", "updated_at", "url_slug") VALUES ($1, $2, $3, $4, $5) RETURNING "id"[0m  [["created_at", "2014-09-05 19:06:06.415389"], ["keywords", "contact_us"], ["title", "Contact Us"], ["updated_at", "2014-09-05 19:06:06.415389"], ["url_slug", "contact_us"]]
  [1m[35mPage Load (0.3ms)[0m  SELECT "pages".* FROM "pages"  WHERE ((publish_start IS NULL OR publish_start < '2014-09-05 19:06:06.416386') AND (publish_end IS NULL OR publish_end > '2014-09-05 19:06:06.416386'))
  [1m[36mSQL (0.3ms)[0m  [1mUPDATE "page_contents" SET "page_id" = $1, "updated_at" = $2 WHERE "page_contents"."id" = 3[0m  [["page_id", 2], ["updated_at", "2014-09-05 19:06:06.418005"]]
  [1m[35mSQL (0.3ms)[0m  UPDATE "page_contents" SET "page_id" = $1, "updated_at" = $2 WHERE "page_contents"."id" = 4  [["page_id", 2], ["updated_at", "2014-09-05 19:06:06.419150"]]
  [1m[36m (6.3ms)[0m  [1mCOMMIT[0m
  [1m[35m (0.3ms)[0m  BEGIN
  [1m[36mSQL (0.3ms)[0m  [1mINSERT INTO "content_blocks" ("body", "content_type", "created_at", "updated_at") VALUES ($1, $2, $3, $4) RETURNING "id"[0m  [["body", "Suscipit Ut Minus"], ["content_type", "text/html"], ["created_at", "2014-09-05 19:06:06.429197"], ["updated_at", "2014-09-05 19:06:06.429197"]]
  [1m[35mSQL (0.2ms)[0m  INSERT INTO "page_contents" ("content_block_id", "created_at", "name", "updated_at") VALUES ($1, $2, $3, $4) RETURNING "id"  [["content_block_id", 6], ["created_at", "2014-09-05 19:06:06.430340"], ["name", "headline"], ["updated_at", "2014-09-05 19:06:06.430340"]]
  [1m[36m (6.5ms)[0m  [1mCOMMIT[0m
  [1m[35m (0.2ms)[0m  BEGIN
  [1m[36mSQL (0.4ms)[0m  [1mINSERT INTO "content_blocks" ("body", "content_type", "created_at", "updated_at") VALUES ($1, $2, $3, $4) RETURNING "id"[0m  [["body", "Aut aspernatur maxime adipisci perspiciatis cumque temporibus voluptatibus repellendus repellat officiis ipsum incidunt omnis quod est et. facere molestiae iure perferendis deserunt nihil porro et dolor explicabo itaque et veritatis quisquam quas. a odio quo quia expedita culpa est aspernatur vel sit eos. veritatis itaque sit reiciendis nisi maxime quisquam quo animi quidem deleniti voluptatum quae pariatur dolores et aut. ut voluptate quia impedit a voluptas eum harum enim quis saepe occaecati dolores consequatur sequi ea. omnis fuga eaque eveniet similique delectus illo rerum. natus quas ad optio blanditiis quam iste excepturi et a quis optio sunt laborum. quaerat assumenda veritatis natus deleniti est laboriosam consequatur quia qui\n\nIllum adipisci est maxime sunt quia est voluptatem libero nam unde nobis libero aut ut quia. minus quis nostrum voluptas corporis fuga molestias eveniet nobis eos et adipisci debitis doloremque aspernatur odio totam quia velit accusamus. quam molestias tempora ut dolorum totam nemo magni. quos blanditiis est dolores unde labore voluptatem veniam velit et dolor sint qui et provident architecto temporibus. expedita nihil praesentium pariatur enim et itaque officiis nam occaecati ipsam et quo molestiae occaecati. consequatur quis qui eligendi quae quidem ea aut quaerat adipisci in aperiam facilis rem sunt veritatis et. totam sequi molestiae recusandae numquam aut culpa quia rem temporibus odio\n\nVoluptas esse alias impedit non temporibus iusto quibusdam aperiam. et est optio adipisci unde dolores laudantium occaecati iure. qui voluptatum id ipsa ex enim atque incidunt aliquam veritatis totam. nesciunt quos error sequi voluptatem quis ea numquam ad voluptas quisquam dolorem ad"], ["content_type", "text/html"], ["created_at", "2014-09-05 19:06:06.438680"], ["updated_at", "2014-09-05 19:06:06.438680"]]
  [1m[35mSQL (0.2ms)[0m  INSERT INTO "page_contents" ("content_block_id", "created_at", "name", "updated_at") VALUES ($1, $2, $3, $4) RETURNING "id"  [["content_block_id", 7], ["created_at", "2014-09-05 19:06:06.440067"], ["name", "main"], ["updated_at", "2014-09-05 19:06:06.440067"]]
  [1m[36m (5.0ms)[0m  [1mCOMMIT[0m
  [1m[35m (0.2ms)[0m  BEGIN
  [1m[36mSQL (0.3ms)[0m  [1mINSERT INTO "content_blocks" ("body", "content_type", "created_at", "updated_at") VALUES ($1, $2, $3, $4) RETURNING "id"[0m  [["body", " body { background-color: #d0e4fe; }\n                    h1 { color: orange; text-align: center; }\n                    p { font-size: 20px; }"], ["content_type", "text/css"], ["created_at", "2014-09-05 19:06:06.447164"], ["updated_at", "2014-09-05 19:06:06.447164"]]
  [1m[35mSQL (0.2ms)[0m  INSERT INTO "page_contents" ("content_block_id", "created_at", "name", "updated_at") VALUES ($1, $2, $3, $4) RETURNING "id"  [["content_block_id", 8], ["created_at", "2014-09-05 19:06:06.448206"], ["name", "styles"], ["updated_at", "2014-09-05 19:06:06.448206"]]
  [1m[36m (0.3ms)[0m  [1mCOMMIT[0m
  [1m[35m (0.1ms)[0m  BEGIN
  [1m[36mPage Exists (0.3ms)[0m  [1mSELECT  1 AS one FROM "pages"  WHERE "pages"."url_slug" = 'home' LIMIT 1[0m
  [1m[35mSQL (0.3ms)[0m  INSERT INTO "pages" ("created_at", "keywords", "title", "updated_at", "url_slug") VALUES ($1, $2, $3, $4, $5) RETURNING "id"  [["created_at", "2014-09-05 19:06:06.450619"], ["keywords", "home"], ["title", "Home"], ["updated_at", "2014-09-05 19:06:06.450619"], ["url_slug", "home"]]
  [1m[36mPage Load (0.3ms)[0m  [1mSELECT "pages".* FROM "pages"  WHERE ((publish_start IS NULL OR publish_start < '2014-09-05 19:06:06.451548') AND (publish_end IS NULL OR publish_end > '2014-09-05 19:06:06.451548'))[0m
  [1m[35mSQL (0.2ms)[0m  UPDATE "page_contents" SET "page_id" = $1, "updated_at" = $2 WHERE "page_contents"."id" = 5  [["page_id", 3], ["updated_at", "2014-09-05 19:06:06.453125"]]
  [1m[36mSQL (0.3ms)[0m  [1mUPDATE "page_contents" SET "page_id" = $1, "updated_at" = $2 WHERE "page_contents"."id" = 6[0m  [["page_id", 3], ["updated_at", "2014-09-05 19:06:06.454262"]]
  [1m[35mSQL (0.2ms)[0m  UPDATE "page_contents" SET "page_id" = $1, "updated_at" = $2 WHERE "page_contents"."id" = 7  [["page_id", 3], ["updated_at", "2014-09-05 19:06:06.455245"]]
  [1m[36m (6.5ms)[0m  [1mCOMMIT[0m
  [1m[35m (0.2ms)[0m  BEGIN
  [1m[36mSQL (0.2ms)[0m  [1mINSERT INTO "content_blocks" ("body", "content_type", "created_at", "updated_at") VALUES ($1, $2, $3, $4) RETURNING "id"[0m  [["body", "Eos Enim Qui Est Voluptatem"], ["content_type", "text/html"], ["created_at", "2014-09-05 19:06:06.465137"], ["updated_at", "2014-09-05 19:06:06.465137"]]
  [1m[35mSQL (0.2ms)[0m  INSERT INTO "page_contents" ("content_block_id", "created_at", "name", "updated_at") VALUES ($1, $2, $3, $4) RETURNING "id"  [["content_block_id", 9], ["created_at", "2014-09-05 19:06:06.466160"], ["name", "headline"], ["updated_at", "2014-09-05 19:06:06.466160"]]
  [1m[36m (6.3ms)[0m  [1mCOMMIT[0m
  [1m[35m (0.2ms)[0m  BEGIN
  [1m[36mSQL (0.2ms)[0m  [1mINSERT INTO "content_blocks" ("body", "content_type", "created_at", "updated_at") VALUES ($1, $2, $3, $4) RETURNING "id"[0m  [["body", "Ipsum amet eius maxime voluptate dolorem nesciunt esse et labore ut voluptatum nisi doloribus fugit et ab aut neque impedit. maxime nostrum nesciunt eos et dolores quibusdam dolorem. qui architecto explicabo sequi et fugiat impedit pariatur aut\n\nQuod maxime enim quod qui animi iste aut quis omnis error reiciendis beatae blanditiis illum. minus reiciendis quam rem quaerat et voluptates quo aut reprehenderit. animi quisquam itaque sint amet nihil qui est culpa eaque saepe. sed quisquam quibusdam sint eos id illo pariatur et est aut ut harum ratione ullam voluptas"], ["content_type", "text/html"], ["created_at", "2014-09-05 19:06:06.474457"], ["updated_at", "2014-09-05 19:06:06.474457"]]
  [1m[35mSQL (0.2ms)[0m  INSERT INTO "page_contents" ("content_block_id", "created_at", "name", "updated_at") VALUES ($1, $2, $3, $4) RETURNING "id"  [["content_block_id", 10], ["created_at", "2014-09-05 19:06:06.475618"], ["name", "main"], ["updated_at", "2014-09-05 19:06:06.475618"]]
  [1m[36m (5.1ms)[0m  [1mCOMMIT[0m
  [1m[35m (0.1ms)[0m  BEGIN
  [1m[36mPage Exists (0.3ms)[0m  [1mSELECT  1 AS one FROM "pages"  WHERE "pages"."url_slug" = 'gallery' LIMIT 1[0m
  [1m[35mSQL (0.3ms)[0m  INSERT INTO "pages" ("created_at", "keywords", "title", "updated_at", "url_slug") VALUES ($1, $2, $3, $4, $5) RETURNING "id"  [["created_at", "2014-09-05 19:06:06.483134"], ["keywords", "gallery"], ["title", "Gallery"], ["updated_at", "2014-09-05 19:06:06.483134"], ["url_slug", "gallery"]]
  [1m[36mPage Load (0.3ms)[0m  [1mSELECT "pages".* FROM "pages"  WHERE ((publish_start IS NULL OR publish_start < '2014-09-05 19:06:06.484131') AND (publish_end IS NULL OR publish_end > '2014-09-05 19:06:06.484131'))[0m
  [1m[35mSQL (0.2ms)[0m  UPDATE "page_contents" SET "page_id" = $1, "updated_at" = $2 WHERE "page_contents"."id" = 8  [["page_id", 4], ["updated_at", "2014-09-05 19:06:06.485717"]]
  [1m[36mSQL (0.2ms)[0m  [1mUPDATE "page_contents" SET "page_id" = $1, "updated_at" = $2 WHERE "page_contents"."id" = 9[0m  [["page_id", 4], ["updated_at", "2014-09-05 19:06:06.486839"]]
  [1m[35m (6.4ms)[0m  COMMIT
  [1m[36m (0.3ms)[0m  [1mBEGIN[0m
  [1m[35mSQL (0.3ms)[0m  INSERT INTO "content_blocks" ("body", "content_type", "created_at", "updated_at") VALUES ($1, $2, $3, $4) RETURNING "id"  [["body", "Expedita"], ["content_type", "text/html"], ["created_at", "2014-09-05 19:06:06.496709"], ["updated_at", "2014-09-05 19:06:06.496709"]]
  [1m[36mSQL (0.2ms)[0m  [1mINSERT INTO "page_contents" ("content_block_id", "created_at", "name", "updated_at") VALUES ($1, $2, $3, $4) RETURNING "id"[0m  [["content_block_id", 11], ["created_at", "2014-09-05 19:06:06.497768"], ["name", "headline"], ["updated_at", "2014-09-05 19:06:06.497768"]]
  [1m[35m (6.3ms)[0m  COMMIT
  [1m[36m (0.1ms)[0m  [1mBEGIN[0m
  [1m[35mSQL (0.2ms)[0m  INSERT INTO "content_blocks" ("body", "content_type", "created_at", "updated_at") VALUES ($1, $2, $3, $4) RETURNING "id"  [["body", "Nobis dicta vel molestiae vel perferendis. voluptas architecto molestias inventore numquam cum incidunt suscipit dolorem et repellat sunt necessitatibus voluptatem omnis. vitae cum magni eveniet recusandae provident eos eius dolore itaque. dolorum iste vel odit rem quia minima non facere qui nobis quidem eaque laboriosam libero officiis iure\n\nIncidunt inventore doloremque rem facilis qui recusandae sit voluptates sit officia vitae perferendis omnis corporis aut quibusdam eaque magni. distinctio rerum natus rerum eum corrupti deleniti. totam nesciunt rem culpa sed rerum explicabo aliquam exercitationem excepturi corrupti quo a voluptatem aperiam nemo incidunt modi. ad ea repellat repellendus minus sint necessitatibus dolores qui"], ["content_type", "text/html"], ["created_at", "2014-09-05 19:06:06.505656"], ["updated_at", "2014-09-05 19:06:06.505656"]]
  [1m[36mSQL (0.2ms)[0m  [1mINSERT INTO "page_contents" ("content_block_id", "created_at", "name", "updated_at") VALUES ($1, $2, $3, $4) RETURNING "id"[0m  [["content_block_id", 12], ["created_at", "2014-09-05 19:06:06.506643"], ["name", "main"], ["updated_at", "2014-09-05 19:06:06.506643"]]
  [1m[35m (5.1ms)[0m  COMMIT
  [1m[36m (0.1ms)[0m  [1mBEGIN[0m
  [1m[35mSQL (0.2ms)[0m  INSERT INTO "content_blocks" ("body", "content_type", "created_at", "updated_at") VALUES ($1, $2, $3, $4) RETURNING "id"  [["body", " body { background-color: #d0e4fe; }\n                    h1 { color: orange; text-align: center; }\n                    p { font-size: 20px; }"], ["content_type", "text/css"], ["created_at", "2014-09-05 19:06:06.513420"], ["updated_at", "2014-09-05 19:06:06.513420"]]
  [1m[36mSQL (0.2ms)[0m  [1mINSERT INTO "page_contents" ("content_block_id", "created_at", "name", "updated_at") VALUES ($1, $2, $3, $4) RETURNING "id"[0m  [["content_block_id", 13], ["created_at", "2014-09-05 19:06:06.514335"], ["name", "styles"], ["updated_at", "2014-09-05 19:06:06.514335"]]
  [1m[35m (0.4ms)[0m  COMMIT
  [1m[36m (0.1ms)[0m  [1mBEGIN[0m
  [1m[35mPage Exists (0.3ms)[0m  SELECT  1 AS one FROM "pages"  WHERE "pages"."url_slug" = 'links' LIMIT 1
  [1m[36mSQL (0.2ms)[0m  [1mINSERT INTO "pages" ("created_at", "keywords", "title", "updated_at", "url_slug") VALUES ($1, $2, $3, $4, $5) RETURNING "id"[0m  [["created_at", "2014-09-05 19:06:06.516839"], ["keywords", "links"], ["title", "Links"], ["updated_at", "2014-09-05 19:06:06.516839"], ["url_slug", "links"]]
  [1m[35mPage Load (0.3ms)[0m  SELECT "pages".* FROM "pages"  WHERE ((publish_start IS NULL OR publish_start < '2014-09-05 19:06:06.517719') AND (publish_end IS NULL OR publish_end > '2014-09-05 19:06:06.517719'))
  [1m[36mSQL (0.3ms)[0m  [1mUPDATE "page_contents" SET "page_id" = $1, "updated_at" = $2 WHERE "page_contents"."id" = 10[0m  [["page_id", 5], ["updated_at", "2014-09-05 19:06:06.519365"]]
  [1m[35mSQL (0.2ms)[0m  UPDATE "page_contents" SET "page_id" = $1, "updated_at" = $2 WHERE "page_contents"."id" = 11  [["page_id", 5], ["updated_at", "2014-09-05 19:06:06.520451"]]
  [1m[36mSQL (0.3ms)[0m  [1mUPDATE "page_contents" SET "page_id" = $1, "updated_at" = $2 WHERE "page_contents"."id" = 12[0m  [["page_id", 5], ["updated_at", "2014-09-05 19:06:06.521368"]]
  [1m[35m (6.2ms)[0m  COMMIT
  [1m[36mPage Load (1.1ms)[0m  [1mSELECT "pages".* FROM "pages"[0m
  [1m[35m (0.7ms)[0m  SELECT COUNT(*) FROM "pages"
  [1m[36m (0.4ms)[0m  [1mSELECT COUNT(*) FROM "page_contents"[0m
  [1m[35m (0.4ms)[0m  SELECT COUNT(*) FROM "content_blocks"
  [1m[36mPageContent Load (0.8ms)[0m  [1mSELECT  "page_contents".* FROM "page_contents"   ORDER BY "page_contents"."id" DESC LIMIT 1[0m
  [1m[35mPage::OneColumn Load (0.7ms)[0m  SELECT "pages".* FROM "pages"
  [1m[36m (0.5ms)[0m  [1mSELECT COUNT(*) FROM "pages"[0m
  [1m[35m (0.4ms)[0m  SELECT COUNT(*) FROM "pages"
  [1m[36m (5037.9ms)[0m  [1mDROP DATABASE IF EXISTS "cms2_dev"[0m
PG::ObjectInUse: ERROR:  database "cms2_dev" is being accessed by other users
DETAIL:  There is 1 other session using the database.
: DROP DATABASE IF EXISTS "cms2_dev"
  [1m[35m (126.2ms)[0m  DROP DATABASE IF EXISTS "cms2_test"
  [1m[36m (0.4ms)[0m  [1mCREATE DATABASE "cms2_dev" ENCODING = 'unicode'[0m
PG::DuplicateDatabase: ERROR:  database "cms2_dev" already exists
: CREATE DATABASE "cms2_dev" ENCODING = 'unicode'
  [1m[35m (351.8ms)[0m  CREATE DATABASE "cms2_test" ENCODING = 'unicode'
  [1m[36mActiveRecord::SchemaMigration Load (1.8ms)[0m  [1mSELECT "schema_migrations".* FROM "schema_migrations"[0m
  [1m[35mActiveRecord::SchemaMigration Load (0.2ms)[0m  SELECT "schema_migrations".* FROM "schema_migrations"
  [1m[36mActiveRecord::SchemaMigration Load (0.2ms)[0m  [1mSELECT "schema_migrations".* FROM "schema_migrations"[0m
  [1m[35mUser Load (21.4ms)[0m  SELECT  "users".* FROM "users"  WHERE "users"."login" = 'admin'  ORDER BY "users"."id" ASC LIMIT 1
  [1m[36m (0.2ms)[0m  [1mBEGIN[0m
  [1m[35mUser Exists (0.3ms)[0m  SELECT  1 AS one FROM "users"  WHERE "users"."login" = 'admin' LIMIT 1
  [1m[36mSQL (1.5ms)[0m  [1mINSERT INTO "users" ("created_at", "encrypted_password", "login", "updated_at") VALUES ($1, $2, $3, $4) RETURNING "id"[0m  [["created_at", "2014-09-08 22:45:12.733332"], ["encrypted_password", "$2a$10$ceQdr9rXziZknkUYLDzWc./FkFmkS7lMjHWLGykNTCijz3VbLh9Xq"], ["login", "admin"], ["updated_at", "2014-09-08 22:45:12.733332"]]
  [1m[35m (0.4ms)[0m  COMMIT
  [1m[36mMenuItem Exists (1.6ms)[0m  [1mSELECT  1 AS one FROM "menu_items"  WHERE "menu_items"."parent_id" IS NULL AND "menu_items"."name" = 'Main Menu' LIMIT 1[0m
  [1m[35m (0.2ms)[0m  BEGIN
  [1m[36mMenuItem Load (0.4ms)[0m  [1mSELECT  "menu_items".* FROM "menu_items"   ORDER BY "menu_items"."rgt" desc LIMIT 1[0m
  [1m[35mMenuItem Load (0.7ms)[0m  SELECT  "menu_items".* FROM "menu_items"  WHERE "menu_items"."id" = $1 LIMIT 1 FOR UPDATE  [["id", 1]]
  [1m[36mSQL (0.9ms)[0m  [1mINSERT INTO "menu_items" ("created_at", "lft", "name", "path", "rgt", "updated_at") VALUES ($1, $2, $3, $4, $5, $6) RETURNING "id"[0m  [["created_at", "2014-09-08 22:45:12.748456"], ["lft", 3], ["name", "Main Menu"], ["path", "#"], ["rgt", 4], ["updated_at", "2014-09-08 22:45:12.748456"]]
  [1m[35m (0.4ms)[0m  COMMIT
  [1m[36mMenuItem Exists (0.3ms)[0m  [1mSELECT  1 AS one FROM "menu_items"  WHERE "menu_items"."parent_id" IS NULL AND "menu_items"."name" = 'Blog Topics' LIMIT 1[0m
  [1m[35m (118.9ms)[0m  DROP DATABASE IF EXISTS "cms2_test"
  [1m[36m (236.1ms)[0m  [1mCREATE DATABASE "cms2_test" ENCODING = 'unicode'[0m
  [1m[35mSQL (0.3ms)[0m  CREATE EXTENSION IF NOT EXISTS "plpgsql"
  [1m[36mSQL (18.2ms)[0m  [1mCREATE EXTENSION IF NOT EXISTS "hstore"[0m
  [1m[35m (3.8ms)[0m  CREATE TABLE "content_blocks" ("id" serial primary key, "content_type" character varying(255), "body" text, "created_at" timestamp, "updated_at" timestamp) 
  [1m[36m (3.2ms)[0m  [1mCREATE TABLE "documents" ("id" serial primary key, "data_file_name" character varying(255), "data_file_size" integer, "data_content_type" character varying(255), "data_updated_at" timestamp, "created_at" timestamp, "updated_at" timestamp) [0m
  [1m[35m (3.3ms)[0m  CREATE TABLE "images" ("id" serial primary key, "image_file_name" character varying(255), "image_file_size" integer, "image_content_type" character varying(255), "image_updated_at" timestamp, "created_at" timestamp, "updated_at" timestamp) 
  [1m[36m (3.5ms)[0m  [1mCREATE TABLE "menu_items" ("id" serial primary key, "name" character varying(255), "path" character varying(255), "parent_id" integer, "lft" integer, "rgt" integer, "page_id" integer, "created_at" timestamp, "updated_at" timestamp) [0m
  [1m[35m (2.0ms)[0m  CREATE TABLE "page_contents" ("id" serial primary key, "page_id" integer, "content_block_id" integer, "name" character varying(255), "created_at" timestamp, "updated_at" timestamp) 
  [1m[36m (1.0ms)[0m  [1mCREATE  INDEX  "index_page_contents_on_content_block_id" ON "page_contents" USING btree ("content_block_id")[0m
  [1m[35m (0.9ms)[0m  CREATE  INDEX  "index_page_contents_on_page_id" ON "page_contents" USING btree ("page_id")
  [1m[36m (3.3ms)[0m  [1mCREATE TABLE "pages" ("id" serial primary key, "title" character varying(255), "published" boolean DEFAULT 't' NOT NULL, "keywords" text, "description" text, "edited_at" timestamp, "created_at" timestamp, "updated_at" timestamp, "layout" character varying(255), "publish_start" timestamp, "publish_end" timestamp, "metadata" hstore, "url_slug" character varying(255), "publication_date" timestamp) [0m
  [1m[35m (1.5ms)[0m  CREATE  INDEX  "index_pages_on_url_slug" ON "pages" USING btree ("url_slug")
  [1m[36m (3.6ms)[0m  [1mCREATE TABLE "users" ("id" serial primary key, "login" character varying(20) NOT NULL, "email" character varying(255), "first_name" character varying(60), "last_name" character varying(60), "sign_in_count" integer DEFAULT 0 NOT NULL, "failed_attempts" integer DEFAULT 0 NOT NULL, "last_request_at" timestamp, "current_sign_in_at" timestamp, "last_sign_in_at" timestamp, "current_sign_in_ip" character varying(255), "last_sign_in_ip" character varying(255), "created_at" timestamp, "updated_at" timestamp, "encrypted_password" character varying(255), "confirmation_token" character varying(255), "confirmed_at" timestamp, "confirmation_sent_at" timestamp, "reset_password_token" character varying(255), "reset_password_sent_at" timestamp, "remember_token" character varying(255), "remember_created_at" timestamp, "unlock_token" character varying(255), "locked_at" timestamp) [0m
  [1m[35m (1.1ms)[0m  CREATE UNIQUE INDEX  "index_users_on_confirmation_token" ON "users" USING btree ("confirmation_token")
  [1m[36m (0.9ms)[0m  [1mCREATE UNIQUE INDEX  "index_users_on_email" ON "users" USING btree ("email")[0m
  [1m[35m (1.1ms)[0m  CREATE UNIQUE INDEX  "index_users_on_reset_password_token" ON "users" USING btree ("reset_password_token")
  [1m[36m (1.3ms)[0m  [1mCREATE UNIQUE INDEX  "index_users_on_unlock_token" ON "users" USING btree ("unlock_token")[0m
  [1m[35m (0.9ms)[0m  CREATE TABLE "schema_migrations" ("version" character varying(255) NOT NULL) 
  [1m[36m (0.9ms)[0m  [1mCREATE UNIQUE INDEX  "unique_schema_migrations" ON "schema_migrations"  ("version")[0m
  [1m[35m (0.3ms)[0m  SELECT version FROM "schema_migrations"
  [1m[36m (0.6ms)[0m  [1mINSERT INTO "schema_migrations" (version) VALUES ('20140828073135')[0m
  [1m[35m (0.4ms)[0m  INSERT INTO "schema_migrations" (version) VALUES ('20140828011806')
  [1m[36mUser Load (0.8ms)[0m  [1mSELECT  "users".* FROM "users"  WHERE "users"."login" = 'admin'  ORDER BY "users"."id" ASC LIMIT 1[0m
  [1m[35m (0.2ms)[0m  BEGIN
  [1m[36mUser Exists (0.4ms)[0m  [1mSELECT  1 AS one FROM "users"  WHERE "users"."login" = 'admin' LIMIT 1[0m
  [1m[35mSQL (0.9ms)[0m  INSERT INTO "users" ("created_at", "encrypted_password", "login", "updated_at") VALUES ($1, $2, $3, $4) RETURNING "id"  [["created_at", "2014-09-08 22:45:13.327097"], ["encrypted_password", "$2a$10$WiUX8qgCOWbhH/0TksBXk.NQ0jU0XADeWrx7HAEayPZJBiF5EaFhu"], ["login", "admin"], ["updated_at", "2014-09-08 22:45:13.327097"]]
  [1m[36m (0.3ms)[0m  [1mCOMMIT[0m
  [1m[35mMenuItem Exists (0.4ms)[0m  SELECT  1 AS one FROM "menu_items"  WHERE "menu_items"."parent_id" IS NULL AND "menu_items"."name" = 'Main Menu' LIMIT 1
  [1m[36m (0.1ms)[0m  [1mBEGIN[0m
  [1m[35mMenuItem Load (0.3ms)[0m  SELECT  "menu_items".* FROM "menu_items"   ORDER BY "menu_items"."rgt" desc LIMIT 1
  [1m[36mMenuItem Load (0.3ms)[0m  [1mSELECT  "menu_items".* FROM "menu_items"   ORDER BY "menu_items"."rgt" desc LIMIT 1[0m
  [1m[35mSQL (0.4ms)[0m  INSERT INTO "menu_items" ("created_at", "lft", "name", "path", "rgt", "updated_at") VALUES ($1, $2, $3, $4, $5, $6) RETURNING "id"  [["created_at", "2014-09-08 22:45:13.333593"], ["lft", 1], ["name", "Main Menu"], ["path", "#"], ["rgt", 2], ["updated_at", "2014-09-08 22:45:13.333593"]]
  [1m[36m (0.3ms)[0m  [1mCOMMIT[0m
  [1m[35mMenuItem Exists (0.3ms)[0m  SELECT  1 AS one FROM "menu_items"  WHERE "menu_items"."parent_id" IS NULL AND "menu_items"."name" = 'Blog Topics' LIMIT 1
  [1m[36m (0.1ms)[0m  [1mBEGIN[0m
  [1m[35mMenuItem Load (0.3ms)[0m  SELECT  "menu_items".* FROM "menu_items"   ORDER BY "menu_items"."rgt" desc LIMIT 1
  [1m[36mMenuItem Load (0.3ms)[0m  [1mSELECT  "menu_items".* FROM "menu_items"  WHERE "menu_items"."id" = $1 LIMIT 1 FOR UPDATE[0m  [["id", 1]]
  [1m[35mSQL (0.2ms)[0m  INSERT INTO "menu_items" ("created_at", "lft", "name", "rgt", "updated_at") VALUES ($1, $2, $3, $4, $5) RETURNING "id"  [["created_at", "2014-09-08 22:45:13.338216"], ["lft", 3], ["name", "Blog Topics"], ["rgt", 4], ["updated_at", "2014-09-08 22:45:13.338216"]]
  [1m[36m (0.3ms)[0m  [1mCOMMIT[0m
  [1m[36m (123.7ms)[0m  [1mDROP DATABASE IF EXISTS "cms2_dev"[0m
  [1m[35m (124.4ms)[0m  DROP DATABASE IF EXISTS "cms2_test"
  [1m[36m (240.0ms)[0m  [1mCREATE DATABASE "cms2_dev" ENCODING = 'unicode'[0m
  [1m[35m (245.3ms)[0m  CREATE DATABASE "cms2_test" ENCODING = 'unicode'
  [1m[36m (2.3ms)[0m  [1mCREATE TABLE "schema_migrations" ("version" character varying(255) NOT NULL) [0m
  [1m[35m (2.8ms)[0m  CREATE UNIQUE INDEX  "unique_schema_migrations" ON "schema_migrations"  ("version")
  [1m[36mActiveRecord::SchemaMigration Load (0.4ms)[0m  [1mSELECT "schema_migrations".* FROM "schema_migrations"[0m
Migrating to Initial (20140828011806)
  [1m[35m (0.2ms)[0m  BEGIN
  [1m[36mSQL (0.5ms)[0m  [1mCREATE EXTENSION IF NOT EXISTS "plpgsql"[0m
  [1m[35mSQL (11.5ms)[0m  CREATE EXTENSION IF NOT EXISTS "hstore"
  [1m[36m (3.5ms)[0m  [1mCREATE TABLE "content_blocks" ("id" serial primary key, "content_type" character varying(255), "body" text, "created_at" timestamp, "updated_at" timestamp) [0m
  [1m[35m (2.7ms)[0m  CREATE TABLE "documents" ("id" serial primary key, "data_file_name" character varying(255), "data_file_size" integer, "data_content_type" character varying(255), "data_updated_at" timestamp, "created_at" timestamp, "updated_at" timestamp) 
  [1m[36m (3.9ms)[0m  [1mCREATE TABLE "images" ("id" serial primary key, "image_file_name" character varying(255), "image_file_size" integer, "image_content_type" character varying(255), "image_updated_at" timestamp, "created_at" timestamp, "updated_at" timestamp) [0m
  [1m[35m (4.8ms)[0m  CREATE TABLE "menu_items" ("id" serial primary key, "name" character varying(255), "path" character varying(255), "parent_id" integer, "lft" integer, "rgt" integer, "page_id" integer, "created_at" timestamp, "updated_at" timestamp) 
  [1m[36m (3.6ms)[0m  [1mCREATE TABLE "page_contents" ("id" serial primary key, "page_id" integer, "content_block_id" integer, "name" character varying(255), "created_at" timestamp, "updated_at" timestamp) [0m
  [1m[35m (1.0ms)[0m  CREATE  INDEX  "index_page_contents_on_content_block_id" ON "page_contents" USING btree ("content_block_id")
  [1m[36m (0.9ms)[0m  [1mCREATE  INDEX  "index_page_contents_on_page_id" ON "page_contents" USING btree ("page_id")[0m
  [1m[35m (3.8ms)[0m  CREATE TABLE "pages" ("id" serial primary key, "title" character varying(255), "published" boolean DEFAULT 't' NOT NULL, "keywords" text, "description" text, "edited_at" timestamp, "created_at" timestamp, "updated_at" timestamp, "type" character varying(255), "publish_start" timestamp, "publish_end" timestamp, "metadata" hstore, "url_slug" character varying(255), "publication_date" timestamp) 
  [1m[36m (1.5ms)[0m  [1mCREATE  INDEX  "index_pages_on_url_slug" ON "pages" USING btree ("url_slug")[0m
  [1m[35m (8.7ms)[0m  CREATE TABLE "users" ("id" serial primary key, "login" character varying(20) NOT NULL, "email" character varying(255), "first_name" character varying(60), "last_name" character varying(60), "sign_in_count" integer DEFAULT 0 NOT NULL, "failed_attempts" integer DEFAULT 0 NOT NULL, "last_request_at" timestamp, "current_sign_in_at" timestamp, "last_sign_in_at" timestamp, "current_sign_in_ip" character varying(255), "last_sign_in_ip" character varying(255), "role_name" character varying(255), "created_at" timestamp, "updated_at" timestamp, "encrypted_password" character varying(255), "confirmation_token" character varying(255), "confirmed_at" timestamp, "confirmation_sent_at" timestamp, "reset_password_token" character varying(255), "reset_password_sent_at" timestamp, "remember_token" character varying(255), "remember_created_at" timestamp, "unlock_token" character varying(255), "locked_at" timestamp) 
  [1m[36m (2.2ms)[0m  [1mCREATE UNIQUE INDEX  "index_users_on_confirmation_token" ON "users" USING btree ("confirmation_token")[0m
  [1m[35m (1.1ms)[0m  CREATE UNIQUE INDEX  "index_users_on_email" ON "users" USING btree ("email")
  [1m[36m (1.0ms)[0m  [1mCREATE UNIQUE INDEX  "index_users_on_reset_password_token" ON "users" USING btree ("reset_password_token")[0m
  [1m[35m (1.9ms)[0m  CREATE UNIQUE INDEX  "index_users_on_unlock_token" ON "users" USING btree ("unlock_token")
  [1m[36mSQL (0.4ms)[0m  [1mINSERT INTO "schema_migrations" ("version") VALUES ($1)[0m  [["version", "20140828011806"]]
  [1m[35m (1.6ms)[0m  COMMIT
Migrating to Auxiliary (20140828073135)
  [1m[36m (0.9ms)[0m  [1mBEGIN[0m
  [1m[35m (0.9ms)[0m  TRUNCATE schema_migrations;
  [1m[36m (0.4ms)[0m  [1mINSERT INTO schema_migrations VALUES ('20140828011806');[0m
  [1m[35mSQL (0.2ms)[0m  INSERT INTO "schema_migrations" ("version") VALUES ($1)  [["version", "20140828073135"]]
  [1m[36m (0.8ms)[0m  [1mCOMMIT[0m
  [1m[35mActiveRecord::SchemaMigration Load (1.4ms)[0m  SELECT "schema_migrations".* FROM "schema_migrations"
  [1m[36mActiveRecord::SchemaMigration Load (0.4ms)[0m  [1mSELECT "schema_migrations".* FROM "schema_migrations"[0m
  [1m[35mUser Load (0.8ms)[0m  SELECT  "users".* FROM "users"  WHERE "users"."login" = 'admin'  ORDER BY "users"."id" ASC LIMIT 1
  [1m[36m (0.2ms)[0m  [1mBEGIN[0m
  [1m[35mUser Exists (0.4ms)[0m  SELECT  1 AS one FROM "users"  WHERE "users"."login" = 'admin' LIMIT 1
  [1m[36mSQL (1.1ms)[0m  [1mINSERT INTO "users" ("created_at", "encrypted_password", "login", "updated_at") VALUES ($1, $2, $3, $4) RETURNING "id"[0m  [["created_at", "2014-09-08 22:45:25.381758"], ["encrypted_password", "$2a$10$h7J.PLhQZkLD2IhbsRIhHOsT.Qy99jgbxAjAOMymcRI5/rxJpHdee"], ["login", "admin"], ["updated_at", "2014-09-08 22:45:25.381758"]]
  [1m[35m (0.4ms)[0m  COMMIT
  [1m[36mMenuItem Exists (0.4ms)[0m  [1mSELECT  1 AS one FROM "menu_items"  WHERE "menu_items"."parent_id" IS NULL AND "menu_items"."name" = 'Main Menu' LIMIT 1[0m
  [1m[35m (0.2ms)[0m  BEGIN
  [1m[36mMenuItem Load (0.4ms)[0m  [1mSELECT  "menu_items".* FROM "menu_items"   ORDER BY "menu_items"."rgt" desc LIMIT 1[0m
  [1m[35mMenuItem Load (0.4ms)[0m  SELECT  "menu_items".* FROM "menu_items"   ORDER BY "menu_items"."rgt" desc LIMIT 1
  [1m[36mSQL (0.5ms)[0m  [1mINSERT INTO "menu_items" ("created_at", "lft", "name", "path", "rgt", "updated_at") VALUES ($1, $2, $3, $4, $5, $6) RETURNING "id"[0m  [["created_at", "2014-09-08 22:45:25.393334"], ["lft", 1], ["name", "Main Menu"], ["path", "#"], ["rgt", 2], ["updated_at", "2014-09-08 22:45:25.393334"]]
  [1m[35m (0.3ms)[0m  COMMIT
  [1m[36mMenuItem Exists (0.5ms)[0m  [1mSELECT  1 AS one FROM "menu_items"  WHERE "menu_items"."parent_id" IS NULL AND "menu_items"."name" = 'Blog Topics' LIMIT 1[0m
  [1m[35m (0.2ms)[0m  BEGIN
  [1m[36mMenuItem Load (0.7ms)[0m  [1mSELECT  "menu_items".* FROM "menu_items"   ORDER BY "menu_items"."rgt" desc LIMIT 1[0m
  [1m[35mMenuItem Load (0.3ms)[0m  SELECT  "menu_items".* FROM "menu_items"  WHERE "menu_items"."id" = $1 LIMIT 1 FOR UPDATE  [["id", 1]]
  [1m[36mSQL (0.2ms)[0m  [1mINSERT INTO "menu_items" ("created_at", "lft", "name", "rgt", "updated_at") VALUES ($1, $2, $3, $4, $5) RETURNING "id"[0m  [["created_at", "2014-09-08 22:45:25.400682"], ["lft", 3], ["name", "Blog Topics"], ["rgt", 4], ["updated_at", "2014-09-08 22:45:25.400682"]]
  [1m[35m (0.7ms)[0m  COMMIT
  [1m[36m (120.8ms)[0m  [1mDROP DATABASE IF EXISTS "cms2_test"[0m
  [1m[35m (243.9ms)[0m  CREATE DATABASE "cms2_test" ENCODING = 'unicode'
  [1m[36mSQL (0.4ms)[0m  [1mCREATE EXTENSION IF NOT EXISTS "plpgsql"[0m
  [1m[35mSQL (14.0ms)[0m  CREATE EXTENSION IF NOT EXISTS "hstore"
  [1m[36m (3.8ms)[0m  [1mCREATE TABLE "content_blocks" ("id" serial primary key, "content_type" character varying(255), "body" text, "created_at" timestamp, "updated_at" timestamp) [0m
  [1m[35m (2.8ms)[0m  CREATE TABLE "documents" ("id" serial primary key, "data_file_name" character varying(255), "data_file_size" integer, "data_content_type" character varying(255), "data_updated_at" timestamp, "created_at" timestamp, "updated_at" timestamp) 
  [1m[36m (2.8ms)[0m  [1mCREATE TABLE "images" ("id" serial primary key, "image_file_name" character varying(255), "image_file_size" integer, "image_content_type" character varying(255), "image_updated_at" timestamp, "created_at" timestamp, "updated_at" timestamp) [0m
  [1m[35m (3.1ms)[0m  CREATE TABLE "menu_items" ("id" serial primary key, "name" character varying(255), "path" character varying(255), "parent_id" integer, "lft" integer, "rgt" integer, "page_id" integer, "created_at" timestamp, "updated_at" timestamp) 
  [1m[36m (1.9ms)[0m  [1mCREATE TABLE "page_contents" ("id" serial primary key, "page_id" integer, "content_block_id" integer, "name" character varying(255), "created_at" timestamp, "updated_at" timestamp) [0m
  [1m[35m (0.9ms)[0m  CREATE  INDEX  "index_page_contents_on_content_block_id" ON "page_contents" USING btree ("content_block_id")
  [1m[36m (1.1ms)[0m  [1mCREATE  INDEX  "index_page_contents_on_page_id" ON "page_contents" USING btree ("page_id")[0m
  [1m[35m (3.0ms)[0m  CREATE TABLE "pages" ("id" serial primary key, "title" character varying(255), "published" boolean DEFAULT 't' NOT NULL, "keywords" text, "description" text, "edited_at" timestamp, "created_at" timestamp, "updated_at" timestamp, "type" character varying(255), "publish_start" timestamp, "publish_end" timestamp, "metadata" hstore, "url_slug" character varying(255), "publication_date" timestamp) 
  [1m[36m (1.3ms)[0m  [1mCREATE  INDEX  "index_pages_on_url_slug" ON "pages" USING btree ("url_slug")[0m
  [1m[35m (3.3ms)[0m  CREATE TABLE "users" ("id" serial primary key, "login" character varying(20) NOT NULL, "email" character varying(255), "first_name" character varying(60), "last_name" character varying(60), "sign_in_count" integer DEFAULT 0 NOT NULL, "failed_attempts" integer DEFAULT 0 NOT NULL, "last_request_at" timestamp, "current_sign_in_at" timestamp, "last_sign_in_at" timestamp, "current_sign_in_ip" character varying(255), "last_sign_in_ip" character varying(255), "role_name" character varying(255), "created_at" timestamp, "updated_at" timestamp, "encrypted_password" character varying(255), "confirmation_token" character varying(255), "confirmed_at" timestamp, "confirmation_sent_at" timestamp, "reset_password_token" character varying(255), "reset_password_sent_at" timestamp, "remember_token" character varying(255), "remember_created_at" timestamp, "unlock_token" character varying(255), "locked_at" timestamp) 
  [1m[36m (1.1ms)[0m  [1mCREATE UNIQUE INDEX  "index_users_on_confirmation_token" ON "users" USING btree ("confirmation_token")[0m
  [1m[35m (1.0ms)[0m  CREATE UNIQUE INDEX  "index_users_on_email" ON "users" USING btree ("email")
  [1m[36m (1.0ms)[0m  [1mCREATE UNIQUE INDEX  "index_users_on_reset_password_token" ON "users" USING btree ("reset_password_token")[0m
  [1m[35m (1.1ms)[0m  CREATE UNIQUE INDEX  "index_users_on_unlock_token" ON "users" USING btree ("unlock_token")
  [1m[36m (1.2ms)[0m  [1mCREATE TABLE "schema_migrations" ("version" character varying(255) NOT NULL) [0m
  [1m[35m (1.0ms)[0m  CREATE UNIQUE INDEX  "unique_schema_migrations" ON "schema_migrations"  ("version")
  [1m[36m (0.3ms)[0m  [1mSELECT version FROM "schema_migrations"[0m
  [1m[35m (0.6ms)[0m  INSERT INTO "schema_migrations" (version) VALUES ('20140828073135')
  [1m[36m (0.4ms)[0m  [1mINSERT INTO "schema_migrations" (version) VALUES ('20140828011806')[0m
  [1m[35mUser Load (0.9ms)[0m  SELECT  "users".* FROM "users"  WHERE "users"."login" = 'admin'  ORDER BY "users"."id" ASC LIMIT 1
  [1m[36m (0.2ms)[0m  [1mBEGIN[0m
  [1m[35mUser Exists (0.4ms)[0m  SELECT  1 AS one FROM "users"  WHERE "users"."login" = 'admin' LIMIT 1
  [1m[36mSQL (0.7ms)[0m  [1mINSERT INTO "users" ("created_at", "encrypted_password", "login", "updated_at") VALUES ($1, $2, $3, $4) RETURNING "id"[0m  [["created_at", "2014-09-08 22:45:25.963699"], ["encrypted_password", "$2a$10$G7IXF52Ee2j7rww7FYp39OZDeTgai09APTby7BE/REqqkaanSAaI6"], ["login", "admin"], ["updated_at", "2014-09-08 22:45:25.963699"]]
  [1m[35m (0.3ms)[0m  COMMIT
  [1m[36mMenuItem Exists (0.4ms)[0m  [1mSELECT  1 AS one FROM "menu_items"  WHERE "menu_items"."parent_id" IS NULL AND "menu_items"."name" = 'Main Menu' LIMIT 1[0m
  [1m[35m (0.1ms)[0m  BEGIN
  [1m[36mMenuItem Load (0.3ms)[0m  [1mSELECT  "menu_items".* FROM "menu_items"   ORDER BY "menu_items"."rgt" desc LIMIT 1[0m
  [1m[35mMenuItem Load (0.2ms)[0m  SELECT  "menu_items".* FROM "menu_items"   ORDER BY "menu_items"."rgt" desc LIMIT 1
  [1m[36mSQL (0.4ms)[0m  [1mINSERT INTO "menu_items" ("created_at", "lft", "name", "path", "rgt", "updated_at") VALUES ($1, $2, $3, $4, $5, $6) RETURNING "id"[0m  [["created_at", "2014-09-08 22:45:25.970045"], ["lft", 1], ["name", "Main Menu"], ["path", "#"], ["rgt", 2], ["updated_at", "2014-09-08 22:45:25.970045"]]
  [1m[35m (0.3ms)[0m  COMMIT
  [1m[36mMenuItem Exists (0.4ms)[0m  [1mSELECT  1 AS one FROM "menu_items"  WHERE "menu_items"."parent_id" IS NULL AND "menu_items"."name" = 'Blog Topics' LIMIT 1[0m
  [1m[35m (0.1ms)[0m  BEGIN
  [1m[36mMenuItem Load (0.4ms)[0m  [1mSELECT  "menu_items".* FROM "menu_items"   ORDER BY "menu_items"."rgt" desc LIMIT 1[0m
  [1m[35mMenuItem Load (0.3ms)[0m  SELECT  "menu_items".* FROM "menu_items"  WHERE "menu_items"."id" = $1 LIMIT 1 FOR UPDATE  [["id", 1]]
  [1m[36mSQL (0.2ms)[0m  [1mINSERT INTO "menu_items" ("created_at", "lft", "name", "rgt", "updated_at") VALUES ($1, $2, $3, $4, $5) RETURNING "id"[0m  [["created_at", "2014-09-08 22:45:25.974629"], ["lft", 3], ["name", "Blog Topics"], ["rgt", 4], ["updated_at", "2014-09-08 22:45:25.974629"]]
  [1m[35m (0.3ms)[0m  COMMIT
  [1m[36m (0.2ms)[0m  [1mBEGIN[0m
  [1m[35mPage Exists (13.2ms)[0m  SELECT  1 AS one FROM "pages"  WHERE "pages"."url_slug" IS NULL LIMIT 1
  [1m[36m (0.2ms)[0m  [1mROLLBACK[0m
  [1m[35m (0.2ms)[0m  BEGIN
  [1m[36mPage Exists (0.6ms)[0m  [1mSELECT  1 AS one FROM "pages"  WHERE "pages"."url_slug" = 'slug' LIMIT 1[0m
  [1m[35mSQL (0.6ms)[0m  INSERT INTO "pages" ("created_at", "title", "type", "updated_at", "url_slug") VALUES ($1, $2, $3, $4, $5) RETURNING "id"  [["created_at", "2014-09-09 23:22:30.644340"], ["title", "title"], ["type", "Page::OneColumn"], ["updated_at", "2014-09-09 23:22:30.644340"], ["url_slug", "slug"]]
  [1m[36m (0.5ms)[0m  [1mCOMMIT[0m
  [1m[35mPage Load (1.1ms)[0m  SELECT  "pages".* FROM "pages"   ORDER BY "pages"."id" DESC LIMIT 1
  [1m[36mPage Load (0.5ms)[0m  [1mSELECT  "pages".* FROM "pages"  WHERE "pages"."url_slug" = 'slug' LIMIT 1[0m
  [1m[36m (5042.4ms)[0m  [1mDROP DATABASE IF EXISTS "cms2_dev"[0m
PG::ObjectInUse: ERROR:  database "cms2_dev" is being accessed by other users
DETAIL:  There is 1 other session using the database.
: DROP DATABASE IF EXISTS "cms2_dev"
  [1m[35m (129.4ms)[0m  DROP DATABASE IF EXISTS "cms2_test"
  [1m[36m (0.3ms)[0m  [1mCREATE DATABASE "cms2_dev" ENCODING = 'unicode'[0m
PG::DuplicateDatabase: ERROR:  database "cms2_dev" already exists
: CREATE DATABASE "cms2_dev" ENCODING = 'unicode'
  [1m[35m (323.2ms)[0m  CREATE DATABASE "cms2_test" ENCODING = 'unicode'
  [1m[36mActiveRecord::SchemaMigration Load (0.4ms)[0m  [1mSELECT "schema_migrations".* FROM "schema_migrations"[0m
  [1m[35mActiveRecord::SchemaMigration Load (0.2ms)[0m  SELECT "schema_migrations".* FROM "schema_migrations"
  [1m[36mActiveRecord::SchemaMigration Load (0.3ms)[0m  [1mSELECT "schema_migrations".* FROM "schema_migrations"[0m
  [1m[35mUser Load (0.8ms)[0m  SELECT  "users".* FROM "users"  WHERE "users"."login" = 'admin'  ORDER BY "users"."id" ASC LIMIT 1
  [1m[36mMenuItem Exists (0.4ms)[0m  [1mSELECT  1 AS one FROM "menu_items"  WHERE "menu_items"."parent_id" IS NULL AND "menu_items"."name" = 'Main Menu' LIMIT 1[0m
  [1m[35mMenuItem Exists (0.2ms)[0m  SELECT  1 AS one FROM "menu_items"  WHERE "menu_items"."parent_id" IS NULL AND "menu_items"."name" = 'Blog Topics' LIMIT 1
  [1m[36m (115.2ms)[0m  [1mDROP DATABASE IF EXISTS "cms2_test"[0m
  [1m[35m (232.5ms)[0m  CREATE DATABASE "cms2_test" ENCODING = 'unicode'
  [1m[36mSQL (0.3ms)[0m  [1mCREATE EXTENSION IF NOT EXISTS "plpgsql"[0m
  [1m[35mSQL (18.3ms)[0m  CREATE EXTENSION IF NOT EXISTS "hstore"
  [1m[36m (4.1ms)[0m  [1mCREATE TABLE "content_blocks" ("id" serial primary key, "content_type" character varying(255), "body" text, "created_at" timestamp, "updated_at" timestamp) [0m
  [1m[35m (2.8ms)[0m  CREATE TABLE "documents" ("id" serial primary key, "data_file_name" character varying(255), "data_file_size" integer, "data_content_type" character varying(255), "data_updated_at" timestamp, "created_at" timestamp, "updated_at" timestamp) 
  [1m[36m (2.9ms)[0m  [1mCREATE TABLE "images" ("id" serial primary key, "image_file_name" character varying(255), "image_file_size" integer, "image_content_type" character varying(255), "image_updated_at" timestamp, "created_at" timestamp, "updated_at" timestamp) [0m
  [1m[35m (2.9ms)[0m  CREATE TABLE "menu_items" ("id" serial primary key, "name" character varying(255), "path" character varying(255), "parent_id" integer, "lft" integer, "rgt" integer, "page_id" integer, "created_at" timestamp, "updated_at" timestamp) 
  [1m[36m (1.9ms)[0m  [1mCREATE TABLE "page_contents" ("id" serial primary key, "page_id" integer, "content_block_id" integer, "name" character varying(255), "created_at" timestamp, "updated_at" timestamp) [0m
  [1m[35m (1.1ms)[0m  CREATE  INDEX  "index_page_contents_on_content_block_id" ON "page_contents" USING btree ("content_block_id")
  [1m[36m (1.0ms)[0m  [1mCREATE  INDEX  "index_page_contents_on_page_id" ON "page_contents" USING btree ("page_id")[0m
  [1m[35m (3.2ms)[0m  CREATE TABLE "pages" ("id" serial primary key, "title" character varying(255), "published" boolean DEFAULT 't' NOT NULL, "keywords" text, "description" text, "edited_at" timestamp, "created_at" timestamp, "updated_at" timestamp, "type" character varying(255), "publish_start" timestamp, "publish_end" timestamp, "metadata" hstore, "url_slug" character varying(255), "publication_date" timestamp) 
  [1m[36m (1.2ms)[0m  [1mCREATE  INDEX  "index_pages_on_url_slug" ON "pages" USING btree ("url_slug")[0m
  [1m[35m (3.1ms)[0m  CREATE TABLE "users" ("id" serial primary key, "login" character varying(20) NOT NULL, "email" character varying(255), "first_name" character varying(60), "last_name" character varying(60), "sign_in_count" integer DEFAULT 0 NOT NULL, "failed_attempts" integer DEFAULT 0 NOT NULL, "last_request_at" timestamp, "current_sign_in_at" timestamp, "last_sign_in_at" timestamp, "current_sign_in_ip" character varying(255), "last_sign_in_ip" character varying(255), "role_name" character varying(255), "created_at" timestamp, "updated_at" timestamp, "encrypted_password" character varying(255), "confirmation_token" character varying(255), "confirmed_at" timestamp, "confirmation_sent_at" timestamp, "reset_password_token" character varying(255), "reset_password_sent_at" timestamp, "remember_token" character varying(255), "remember_created_at" timestamp, "unlock_token" character varying(255), "locked_at" timestamp) 
  [1m[36m (1.1ms)[0m  [1mCREATE UNIQUE INDEX  "index_users_on_confirmation_token" ON "users" USING btree ("confirmation_token")[0m
  [1m[35m (1.2ms)[0m  CREATE UNIQUE INDEX  "index_users_on_email" ON "users" USING btree ("email")
  [1m[36m (1.0ms)[0m  [1mCREATE UNIQUE INDEX  "index_users_on_reset_password_token" ON "users" USING btree ("reset_password_token")[0m
  [1m[35m (1.1ms)[0m  CREATE UNIQUE INDEX  "index_users_on_unlock_token" ON "users" USING btree ("unlock_token")
  [1m[36m (0.8ms)[0m  [1mCREATE TABLE "schema_migrations" ("version" character varying(255) NOT NULL) [0m
  [1m[35m (0.9ms)[0m  CREATE UNIQUE INDEX  "unique_schema_migrations" ON "schema_migrations"  ("version")
  [1m[36m (0.3ms)[0m  [1mSELECT version FROM "schema_migrations"[0m
  [1m[35m (0.4ms)[0m  INSERT INTO "schema_migrations" (version) VALUES ('20140828073135')
  [1m[36m (0.5ms)[0m  [1mINSERT INTO "schema_migrations" (version) VALUES ('20140828011806')[0m
  [1m[35mUser Load (0.9ms)[0m  SELECT  "users".* FROM "users"  WHERE "users"."login" = 'admin'  ORDER BY "users"."id" ASC LIMIT 1
  [1m[36m (0.2ms)[0m  [1mBEGIN[0m
  [1m[35mUser Exists (0.3ms)[0m  SELECT  1 AS one FROM "users"  WHERE "users"."login" = 'admin' LIMIT 1
  [1m[36mSQL (0.7ms)[0m  [1mINSERT INTO "users" ("created_at", "encrypted_password", "login", "updated_at") VALUES ($1, $2, $3, $4) RETURNING "id"[0m  [["created_at", "2014-09-10 00:44:07.181685"], ["encrypted_password", "$2a$10$oOLvofjAE74iSUg4YuotbuCnWtAjnQvg/ZG5KABjult.gdw7JJAHW"], ["login", "admin"], ["updated_at", "2014-09-10 00:44:07.181685"]]
  [1m[35m (0.3ms)[0m  COMMIT
  [1m[36mMenuItem Exists (0.4ms)[0m  [1mSELECT  1 AS one FROM "menu_items"  WHERE "menu_items"."parent_id" IS NULL AND "menu_items"."name" = 'Main Menu' LIMIT 1[0m
  [1m[35m (0.2ms)[0m  BEGIN
  [1m[36mMenuItem Load (0.3ms)[0m  [1mSELECT  "menu_items".* FROM "menu_items"   ORDER BY "menu_items"."rgt" desc LIMIT 1[0m
  [1m[35mMenuItem Load (0.2ms)[0m  SELECT  "menu_items".* FROM "menu_items"   ORDER BY "menu_items"."rgt" desc LIMIT 1
  [1m[36mSQL (0.5ms)[0m  [1mINSERT INTO "menu_items" ("created_at", "lft", "name", "path", "rgt", "updated_at") VALUES ($1, $2, $3, $4, $5, $6) RETURNING "id"[0m  [["created_at", "2014-09-10 00:44:07.191440"], ["lft", 1], ["name", "Main Menu"], ["path", "#"], ["rgt", 2], ["updated_at", "2014-09-10 00:44:07.191440"]]
  [1m[35m (0.4ms)[0m  COMMIT
  [1m[36mMenuItem Exists (0.4ms)[0m  [1mSELECT  1 AS one FROM "menu_items"  WHERE "menu_items"."parent_id" IS NULL AND "menu_items"."name" = 'Blog Topics' LIMIT 1[0m
  [1m[35m (0.1ms)[0m  BEGIN
  [1m[36mMenuItem Load (0.3ms)[0m  [1mSELECT  "menu_items".* FROM "menu_items"   ORDER BY "menu_items"."rgt" desc LIMIT 1[0m
  [1m[35mMenuItem Load (0.3ms)[0m  SELECT  "menu_items".* FROM "menu_items"  WHERE "menu_items"."id" = $1 LIMIT 1 FOR UPDATE  [["id", 1]]
  [1m[36mSQL (0.2ms)[0m  [1mINSERT INTO "menu_items" ("created_at", "lft", "name", "rgt", "updated_at") VALUES ($1, $2, $3, $4, $5) RETURNING "id"[0m  [["created_at", "2014-09-10 00:44:07.197225"], ["lft", 3], ["name", "Blog Topics"], ["rgt", 4], ["updated_at", "2014-09-10 00:44:07.197225"]]
  [1m[35m (0.3ms)[0m  COMMIT
  [1m[36m (121.6ms)[0m  [1mDROP DATABASE IF EXISTS "cms2_dev"[0m
  [1m[35m (119.2ms)[0m  DROP DATABASE IF EXISTS "cms2_test"
  [1m[36m (241.5ms)[0m  [1mCREATE DATABASE "cms2_dev" ENCODING = 'unicode'[0m
  [1m[35m (240.7ms)[0m  CREATE DATABASE "cms2_test" ENCODING = 'unicode'
  [1m[36m (1.9ms)[0m  [1mCREATE TABLE "schema_migrations" ("version" character varying(255) NOT NULL) [0m
  [1m[35m (1.6ms)[0m  CREATE UNIQUE INDEX  "unique_schema_migrations" ON "schema_migrations"  ("version")
  [1m[36mActiveRecord::SchemaMigration Load (0.4ms)[0m  [1mSELECT "schema_migrations".* FROM "schema_migrations"[0m
Migrating to Initial (20140828011806)
  [1m[35m (0.2ms)[0m  BEGIN
  [1m[36mSQL (0.3ms)[0m  [1mCREATE EXTENSION IF NOT EXISTS "plpgsql"[0m
  [1m[35mSQL (19.8ms)[0m  CREATE EXTENSION IF NOT EXISTS "hstore"
  [1m[36m (7.3ms)[0m  [1mCREATE TABLE "content_blocks" ("id" serial primary key, "content_type" character varying(255), "body" text, "created_at" timestamp, "updated_at" timestamp) [0m
  [1m[35m (3.7ms)[0m  CREATE TABLE "documents" ("id" serial primary key, "data_file_name" character varying(255), "data_file_size" integer, "data_content_type" character varying(255), "data_updated_at" timestamp, "created_at" timestamp, "updated_at" timestamp) 
  [1m[36m (4.6ms)[0m  [1mCREATE TABLE "images" ("id" serial primary key, "image_file_name" character varying(255), "image_file_size" integer, "image_content_type" character varying(255), "image_updated_at" timestamp, "created_at" timestamp, "updated_at" timestamp) [0m
  [1m[35m (3.3ms)[0m  CREATE TABLE "menu_items" ("id" serial primary key, "name" character varying(255), "path" character varying(255), "parent_id" integer, "lft" integer, "rgt" integer, "page_id" integer, "created_at" timestamp, "updated_at" timestamp) 
  [1m[36m (2.0ms)[0m  [1mCREATE TABLE "page_contents" ("id" serial primary key, "page_id" integer, "content_block_id" integer, "name" character varying(255), "created_at" timestamp, "updated_at" timestamp) [0m
  [1m[35m (0.7ms)[0m  CREATE  INDEX  "index_page_contents_on_content_block_id" ON "page_contents" USING btree ("content_block_id")
  [1m[36m (0.9ms)[0m  [1mCREATE  INDEX  "index_page_contents_on_page_id" ON "page_contents" USING btree ("page_id")[0m
  [1m[35m (5.0ms)[0m  CREATE TABLE "pages" ("id" serial primary key, "title" character varying(255), "published" boolean DEFAULT 't' NOT NULL, "keywords" text, "description" text, "edited_at" timestamp, "created_at" timestamp, "updated_at" timestamp, "type" character varying(255), "publish_start" timestamp, "publish_end" timestamp, "metadata" hstore, "url_slug" character varying(255), "publication_date" timestamp) 
  [1m[36m (1.4ms)[0m  [1mCREATE  INDEX  "index_pages_on_url_slug" ON "pages" USING btree ("url_slug")[0m
  [1m[35m (2.8ms)[0m  CREATE TABLE "users" ("id" serial primary key, "login" character varying(20) NOT NULL, "email" character varying(255), "first_name" character varying(60), "last_name" character varying(60), "sign_in_count" integer DEFAULT 0 NOT NULL, "failed_attempts" integer DEFAULT 0 NOT NULL, "last_request_at" timestamp, "current_sign_in_at" timestamp, "last_sign_in_at" timestamp, "current_sign_in_ip" character varying(255), "last_sign_in_ip" character varying(255), "role_name" character varying(255), "created_at" timestamp, "updated_at" timestamp, "encrypted_password" character varying(255), "confirmation_token" character varying(255), "confirmed_at" timestamp, "confirmation_sent_at" timestamp, "reset_password_token" character varying(255), "reset_password_sent_at" timestamp, "remember_token" character varying(255), "remember_created_at" timestamp, "unlock_token" character varying(255), "locked_at" timestamp) 
  [1m[36m (0.9ms)[0m  [1mCREATE UNIQUE INDEX  "index_users_on_confirmation_token" ON "users" USING btree ("confirmation_token")[0m
  [1m[35m (0.8ms)[0m  CREATE UNIQUE INDEX  "index_users_on_email" ON "users" USING btree ("email")
  [1m[36m (0.8ms)[0m  [1mCREATE UNIQUE INDEX  "index_users_on_reset_password_token" ON "users" USING btree ("reset_password_token")[0m
  [1m[35m (1.7ms)[0m  CREATE UNIQUE INDEX  "index_users_on_unlock_token" ON "users" USING btree ("unlock_token")
  [1m[36mSQL (0.4ms)[0m  [1mINSERT INTO "schema_migrations" ("version") VALUES ($1)[0m  [["version", "20140828011806"]]
  [1m[35m (1.6ms)[0m  COMMIT
Migrating to Auxiliary (20140828073135)
  [1m[36m (0.7ms)[0m  [1mBEGIN[0m
  [1m[35m (0.9ms)[0m  TRUNCATE schema_migrations;
  [1m[36m (0.4ms)[0m  [1mINSERT INTO schema_migrations VALUES ('20140828011806');[0m
  [1m[35mSQL (0.2ms)[0m  INSERT INTO "schema_migrations" ("version") VALUES ($1)  [["version", "20140828073135"]]
  [1m[36m (1.5ms)[0m  [1mCOMMIT[0m
  [1m[35mActiveRecord::SchemaMigration Load (0.7ms)[0m  SELECT "schema_migrations".* FROM "schema_migrations"
  [1m[36mActiveRecord::SchemaMigration Load (0.2ms)[0m  [1mSELECT "schema_migrations".* FROM "schema_migrations"[0m
  [1m[35mUser Load (0.9ms)[0m  SELECT  "users".* FROM "users"  WHERE "users"."login" = 'admin'  ORDER BY "users"."id" ASC LIMIT 1
  [1m[36m (0.2ms)[0m  [1mBEGIN[0m
  [1m[35mUser Exists (0.3ms)[0m  SELECT  1 AS one FROM "users"  WHERE "users"."login" = 'admin' LIMIT 1
  [1m[36mSQL (1.0ms)[0m  [1mINSERT INTO "users" ("created_at", "encrypted_password", "login", "updated_at") VALUES ($1, $2, $3, $4) RETURNING "id"[0m  [["created_at", "2014-09-10 00:44:17.172214"], ["encrypted_password", "$2a$10$BY2XIQf7hiwD6XVWG7qQUuerRpZ5w/pHAaPrdUwXJakFrHhzlY1X."], ["login", "admin"], ["updated_at", "2014-09-10 00:44:17.172214"]]
  [1m[35m (0.3ms)[0m  COMMIT
  [1m[36mMenuItem Exists (0.4ms)[0m  [1mSELECT  1 AS one FROM "menu_items"  WHERE "menu_items"."parent_id" IS NULL AND "menu_items"."name" = 'Main Menu' LIMIT 1[0m
  [1m[35m (0.2ms)[0m  BEGIN
  [1m[36mMenuItem Load (0.3ms)[0m  [1mSELECT  "menu_items".* FROM "menu_items"   ORDER BY "menu_items"."rgt" desc LIMIT 1[0m
  [1m[35mMenuItem Load (0.3ms)[0m  SELECT  "menu_items".* FROM "menu_items"   ORDER BY "menu_items"."rgt" desc LIMIT 1
  [1m[36mSQL (0.6ms)[0m  [1mINSERT INTO "menu_items" ("created_at", "lft", "name", "path", "rgt", "updated_at") VALUES ($1, $2, $3, $4, $5, $6) RETURNING "id"[0m  [["created_at", "2014-09-10 00:44:17.182066"], ["lft", 1], ["name", "Main Menu"], ["path", "#"], ["rgt", 2], ["updated_at", "2014-09-10 00:44:17.182066"]]
  [1m[35m (0.3ms)[0m  COMMIT
  [1m[36mMenuItem Exists (0.4ms)[0m  [1mSELECT  1 AS one FROM "menu_items"  WHERE "menu_items"."parent_id" IS NULL AND "menu_items"."name" = 'Blog Topics' LIMIT 1[0m
  [1m[35m (0.1ms)[0m  BEGIN
  [1m[36mMenuItem Load (0.3ms)[0m  [1mSELECT  "menu_items".* FROM "menu_items"   ORDER BY "menu_items"."rgt" desc LIMIT 1[0m
  [1m[35mMenuItem Load (0.3ms)[0m  SELECT  "menu_items".* FROM "menu_items"  WHERE "menu_items"."id" = $1 LIMIT 1 FOR UPDATE  [["id", 1]]
  [1m[36mSQL (0.2ms)[0m  [1mINSERT INTO "menu_items" ("created_at", "lft", "name", "rgt", "updated_at") VALUES ($1, $2, $3, $4, $5) RETURNING "id"[0m  [["created_at", "2014-09-10 00:44:17.187810"], ["lft", 3], ["name", "Blog Topics"], ["rgt", 4], ["updated_at", "2014-09-10 00:44:17.187810"]]
  [1m[35m (0.3ms)[0m  COMMIT
  [1m[36m (120.9ms)[0m  [1mDROP DATABASE IF EXISTS "cms2_test"[0m
  [1m[35m (239.7ms)[0m  CREATE DATABASE "cms2_test" ENCODING = 'unicode'
  [1m[36mSQL (0.3ms)[0m  [1mCREATE EXTENSION IF NOT EXISTS "plpgsql"[0m
  [1m[35mSQL (13.4ms)[0m  CREATE EXTENSION IF NOT EXISTS "hstore"
  [1m[36m (4.0ms)[0m  [1mCREATE TABLE "content_blocks" ("id" serial primary key, "content_type" character varying(255), "body" text, "created_at" timestamp, "updated_at" timestamp) [0m
  [1m[35m (3.0ms)[0m  CREATE TABLE "documents" ("id" serial primary key, "data_file_name" character varying(255), "data_file_size" integer, "data_content_type" character varying(255), "data_updated_at" timestamp, "created_at" timestamp, "updated_at" timestamp) 
  [1m[36m (3.0ms)[0m  [1mCREATE TABLE "images" ("id" serial primary key, "image_file_name" character varying(255), "image_file_size" integer, "image_content_type" character varying(255), "image_updated_at" timestamp, "created_at" timestamp, "updated_at" timestamp) [0m
  [1m[35m (2.9ms)[0m  CREATE TABLE "menu_items" ("id" serial primary key, "name" character varying(255), "path" character varying(255), "parent_id" integer, "lft" integer, "rgt" integer, "page_id" integer, "created_at" timestamp, "updated_at" timestamp) 
  [1m[36m (2.1ms)[0m  [1mCREATE TABLE "page_contents" ("id" serial primary key, "page_id" integer, "content_block_id" integer, "name" character varying(255), "created_at" timestamp, "updated_at" timestamp) [0m
  [1m[35m (1.0ms)[0m  CREATE  INDEX  "index_page_contents_on_content_block_id" ON "page_contents" USING btree ("content_block_id")
  [1m[36m (1.1ms)[0m  [1mCREATE  INDEX  "index_page_contents_on_page_id" ON "page_contents" USING btree ("page_id")[0m
  [1m[35m (3.1ms)[0m  CREATE TABLE "pages" ("id" serial primary key, "title" character varying(255), "published" boolean DEFAULT 't' NOT NULL, "keywords" text, "description" text, "edited_at" timestamp, "created_at" timestamp, "updated_at" timestamp, "type" character varying(255), "publish_start" timestamp, "publish_end" timestamp, "metadata" hstore, "url_slug" character varying(255), "publication_date" timestamp) 
  [1m[36m (1.0ms)[0m  [1mCREATE  INDEX  "index_pages_on_url_slug" ON "pages" USING btree ("url_slug")[0m
  [1m[35m (3.7ms)[0m  CREATE TABLE "users" ("id" serial primary key, "login" character varying(20) NOT NULL, "email" character varying(255), "first_name" character varying(60), "last_name" character varying(60), "sign_in_count" integer DEFAULT 0 NOT NULL, "failed_attempts" integer DEFAULT 0 NOT NULL, "last_request_at" timestamp, "current_sign_in_at" timestamp, "last_sign_in_at" timestamp, "current_sign_in_ip" character varying(255), "last_sign_in_ip" character varying(255), "role_name" character varying(255), "created_at" timestamp, "updated_at" timestamp, "encrypted_password" character varying(255), "confirmation_token" character varying(255), "confirmed_at" timestamp, "confirmation_sent_at" timestamp, "reset_password_token" character varying(255), "reset_password_sent_at" timestamp, "remember_token" character varying(255), "remember_created_at" timestamp, "unlock_token" character varying(255), "locked_at" timestamp) 
  [1m[36m (1.3ms)[0m  [1mCREATE UNIQUE INDEX  "index_users_on_confirmation_token" ON "users" USING btree ("confirmation_token")[0m
  [1m[35m (0.9ms)[0m  CREATE UNIQUE INDEX  "index_users_on_email" ON "users" USING btree ("email")
  [1m[36m (1.0ms)[0m  [1mCREATE UNIQUE INDEX  "index_users_on_reset_password_token" ON "users" USING btree ("reset_password_token")[0m
  [1m[35m (0.9ms)[0m  CREATE UNIQUE INDEX  "index_users_on_unlock_token" ON "users" USING btree ("unlock_token")
  [1m[36m (0.7ms)[0m  [1mCREATE TABLE "schema_migrations" ("version" character varying(255) NOT NULL) [0m
  [1m[35m (0.9ms)[0m  CREATE UNIQUE INDEX  "unique_schema_migrations" ON "schema_migrations"  ("version")
  [1m[36m (0.3ms)[0m  [1mSELECT version FROM "schema_migrations"[0m
  [1m[35m (0.5ms)[0m  INSERT INTO "schema_migrations" (version) VALUES ('20140828073135')
  [1m[36m (0.4ms)[0m  [1mINSERT INTO "schema_migrations" (version) VALUES ('20140828011806')[0m
  [1m[35mUser Load (0.9ms)[0m  SELECT  "users".* FROM "users"  WHERE "users"."login" = 'admin'  ORDER BY "users"."id" ASC LIMIT 1
  [1m[36m (0.2ms)[0m  [1mBEGIN[0m
  [1m[35mUser Exists (0.4ms)[0m  SELECT  1 AS one FROM "users"  WHERE "users"."login" = 'admin' LIMIT 1
  [1m[36mSQL (0.8ms)[0m  [1mINSERT INTO "users" ("created_at", "encrypted_password", "login", "updated_at") VALUES ($1, $2, $3, $4) RETURNING "id"[0m  [["created_at", "2014-09-10 00:44:17.749005"], ["encrypted_password", "$2a$10$eo7McStHeAiCS7ol.9kOF.d/0jt4CMl666L7wx5.lQDT0L3BVKo1S"], ["login", "admin"], ["updated_at", "2014-09-10 00:44:17.749005"]]
  [1m[35m (0.3ms)[0m  COMMIT
  [1m[36mMenuItem Exists (0.4ms)[0m  [1mSELECT  1 AS one FROM "menu_items"  WHERE "menu_items"."parent_id" IS NULL AND "menu_items"."name" = 'Main Menu' LIMIT 1[0m
  [1m[35m (0.1ms)[0m  BEGIN
  [1m[36mMenuItem Load (0.3ms)[0m  [1mSELECT  "menu_items".* FROM "menu_items"   ORDER BY "menu_items"."rgt" desc LIMIT 1[0m
  [1m[35mMenuItem Load (0.3ms)[0m  SELECT  "menu_items".* FROM "menu_items"   ORDER BY "menu_items"."rgt" desc LIMIT 1
  [1m[36mSQL (0.5ms)[0m  [1mINSERT INTO "menu_items" ("created_at", "lft", "name", "path", "rgt", "updated_at") VALUES ($1, $2, $3, $4, $5, $6) RETURNING "id"[0m  [["created_at", "2014-09-10 00:44:17.754943"], ["lft", 1], ["name", "Main Menu"], ["path", "#"], ["rgt", 2], ["updated_at", "2014-09-10 00:44:17.754943"]]
  [1m[35m (0.4ms)[0m  COMMIT
  [1m[36mMenuItem Exists (0.3ms)[0m  [1mSELECT  1 AS one FROM "menu_items"  WHERE "menu_items"."parent_id" IS NULL AND "menu_items"."name" = 'Blog Topics' LIMIT 1[0m
  [1m[35m (0.1ms)[0m  BEGIN
  [1m[36mMenuItem Load (0.3ms)[0m  [1mSELECT  "menu_items".* FROM "menu_items"   ORDER BY "menu_items"."rgt" desc LIMIT 1[0m
  [1m[35mMenuItem Load (0.3ms)[0m  SELECT  "menu_items".* FROM "menu_items"  WHERE "menu_items"."id" = $1 LIMIT 1 FOR UPDATE  [["id", 1]]
  [1m[36mSQL (0.3ms)[0m  [1mINSERT INTO "menu_items" ("created_at", "lft", "name", "rgt", "updated_at") VALUES ($1, $2, $3, $4, $5) RETURNING "id"[0m  [["created_at", "2014-09-10 00:44:17.759442"], ["lft", 3], ["name", "Blog Topics"], ["rgt", 4], ["updated_at", "2014-09-10 00:44:17.759442"]]
  [1m[35m (0.4ms)[0m  COMMIT
  [1m[36mPage Load (0.7ms)[0m  [1mSELECT  "pages".* FROM "pages"   ORDER BY "pages"."id" DESC LIMIT 1[0m
  [1m[35mPage::Homepage Load (0.6ms)[0m  SELECT  "pages".* FROM "pages"  WHERE "pages"."type" IN ('Page::Homepage')  ORDER BY "pages"."id" DESC LIMIT 1
  [1m[36mActiveRecord::SchemaMigration Load (0.4ms)[0m  [1mSELECT "schema_migrations".* FROM "schema_migrations"[0m
  [1m[35mUser Load (0.8ms)[0m  SELECT  "users".* FROM "users"  WHERE "users"."login" = 'admin'  ORDER BY "users"."id" ASC LIMIT 1
  [1m[36mMenuItem Exists (0.4ms)[0m  [1mSELECT  1 AS one FROM "menu_items"  WHERE "menu_items"."parent_id" IS NULL AND "menu_items"."name" = 'Main Menu' LIMIT 1[0m
  [1m[35mMenuItem Exists (0.2ms)[0m  SELECT  1 AS one FROM "menu_items"  WHERE "menu_items"."parent_id" IS NULL AND "menu_items"."name" = 'Blog Topics' LIMIT 1
  [1m[36m (0.2ms)[0m  [1mBEGIN[0m
  [1m[35mPage Exists (0.5ms)[0m  SELECT  1 AS one FROM "pages"  WHERE "pages"."url_slug" = 'homepage' LIMIT 1
  [1m[36m (0.3ms)[0m  [1mSELECT COUNT(*) FROM "pages"  WHERE "pages"."type" IN ('Page::Homepage')[0m
  [1m[35mSQL (0.5ms)[0m  INSERT INTO "pages" ("created_at", "description", "keywords", "title", "type", "updated_at", "url_slug") VALUES ($1, $2, $3, $4, $5, $6, $7) RETURNING "id"  [["created_at", "2014-09-10 01:13:48.528161"], ["description", "This site was built with LRD's CMS framework."], ["keywords", "Info, about, this, site."], ["title", "This site's homepage"], ["type", "Page::Homepage"], ["updated_at", "2014-09-10 01:13:48.528161"], ["url_slug", "homepage"]]
  [1m[36mPage Load (0.9ms)[0m  [1mSELECT "pages".* FROM "pages"  WHERE ((publish_start IS NULL OR publish_start < '2014-09-10 01:13:48.532108') AND (publish_end IS NULL OR publish_end > '2014-09-10 01:13:48.532108'))[0m
  [1m[35m (5.4ms)[0m  COMMIT
  [1m[36mPage::Homepage Load (1.2ms)[0m  [1mSELECT  "pages".* FROM "pages"  WHERE "pages"."type" IN ('Page::Homepage')  ORDER BY "pages"."id" DESC LIMIT 1[0m
  [1m[35mMenuItem Load (3.3ms)[0m  SELECT "menu_items".* FROM "menu_items"  WHERE "menu_items"."parent_id" IS NULL
  [1m[36mMenuItem Load (0.6ms)[0m  [1mSELECT "menu_items".* FROM "menu_items"  WHERE "menu_items"."parent_id" IS NULL[0m
  [1m[35mMenuItem Load (0.5ms)[0m  SELECT "menu_items".* FROM "menu_items"  WHERE "menu_items"."parent_id" IS NULL
  [1m[36mMenuItem Load (0.5ms)[0m  [1mSELECT "menu_items".* FROM "menu_items"  WHERE "menu_items"."parent_id" IS NULL[0m
  [1m[35mMenuItem Load (14.9ms)[0m  SELECT  "menu_items".* FROM "menu_items"  WHERE "menu_items"."parent_id" IS NULL AND "menu_items"."name" = 'Main Menu'  ORDER BY "menu_items"."lft" LIMIT 1
  [1m[36mMenuItem Load (0.9ms)[0m  [1mSELECT "menu_items".* FROM "menu_items"  WHERE "menu_items"."parent_id" IS NULL AND "menu_items"."name" = 'Main Menu'  ORDER BY "menu_items"."lft"[0m
  [1m[35mMenuItem Load (0.7ms)[0m  SELECT "menu_items".* FROM "menu_items"  WHERE "menu_items"."parent_id" IS NULL AND "menu_items"."name" = 'Main Menu'  ORDER BY "menu_items"."lft"
  [1m[36mMenuItem Load (0.7ms)[0m  [1mSELECT  "menu_items".* FROM "menu_items"  WHERE "menu_items"."parent_id" IS NULL AND "menu_items"."name" = 'Main Menu'  ORDER BY "menu_items"."lft" LIMIT 1[0m
  [1m[35m (0.7ms)[0m  SELECT COUNT(*) FROM "menu_items"
  [1m[36mMenuItem Load (0.4ms)[0m  [1mSELECT "menu_items".* FROM "menu_items"[0m
